18:00:17:619  INFO 58244 --- [main] com.hmall.pay.PayApplication             : Starting PayApplication using Java 11.0.31 on ChiYu with PID 58244 (D:\develop\hmall\pay-service\target\classes started by chiyu in D:\develop\hmall)
18:00:17:622 DEBUG 58244 --- [main] com.hmall.pay.PayApplication             : Running with Spring Boot v2.7.12, Spring v5.3.27
18:00:17:624  INFO 58244 --- [main] com.hmall.pay.PayApplication             : The following 1 profile is active: "dev"
18:00:18:365  INFO 58244 --- [main] o.s.cloud.context.scope.GenericScope     : BeanFactory id=01d8b01a-9dca-395a-8a21-45a8fef661c6
18:00:18:620  INFO 58244 --- [main] o.s.b.w.embedded.tomcat.TomcatWebServer  : Tomcat initialized with port(s): 8086 (http)
18:00:18:627  INFO 58244 --- [main] o.apache.catalina.core.StandardService   : Starting service [Tomcat]
18:00:18:627  INFO 58244 --- [main] org.apache.catalina.core.StandardEngine  : Starting Servlet engine: [Apache Tomcat/9.0.75]
18:00:18:762  INFO 58244 --- [main] o.a.c.c.C.[Tomcat].[localhost].[/]       : Initializing Spring embedded WebApplicationContext
18:00:18:762  INFO 58244 --- [main] w.s.c.ServletWebServerApplicationContext : Root WebApplicationContext: initialization completed in 1102 ms
18:00:18:885  INFO 58244 --- [main] o.s.c.openfeign.FeignClientFactoryBean   : For 'user-service' URL not provided. Will try picking an instance via load-balancing.
18:00:18:929  INFO 58244 --- [main] o.s.c.openfeign.FeignClientFactoryBean   : For 'trade-service' URL not provided. Will try picking an instance via load-balancing.
18:00:26:068  INFO 58244 --- [main] pertySourcedRequestMappingHandlerMapping : Mapped URL path [/v2/api-docs] onto method [springfox.documentation.swagger2.web.Swagger2ControllerWebMvc#getDocumentation(String, HttpServletRequest)]
18:00:28:231  INFO 58244 --- [main] com.alibaba.nacos.common.remote.client   : [RpcClientFactory] create a new rpc client of e9d1a262-95ca-4eb3-8081-44e318bdf27d
18:00:28:283  INFO 58244 --- [main] org.reflections.Reflections              : Reflections took 27 ms to scan 1 urls, producing 3 keys and 6 values 
18:00:28:317  INFO 58244 --- [main] org.reflections.Reflections              : Reflections took 14 ms to scan 1 urls, producing 4 keys and 9 values 
18:00:28:338  INFO 58244 --- [main] org.reflections.Reflections              : Reflections took 17 ms to scan 1 urls, producing 3 keys and 10 values 
18:00:28:342  WARN 58244 --- [main] org.reflections.Reflections              : given scan urls are empty. set urls in the configuration
18:00:28:353  INFO 58244 --- [main] org.reflections.Reflections              : Reflections took 10 ms to scan 1 urls, producing 1 keys and 5 values 
18:00:28:369  INFO 58244 --- [main] org.reflections.Reflections              : Reflections took 12 ms to scan 1 urls, producing 1 keys and 7 values 
18:00:28:384  INFO 58244 --- [main] org.reflections.Reflections              : Reflections took 12 ms to scan 1 urls, producing 2 keys and 8 values 
18:00:28:388  WARN 58244 --- [main] org.reflections.Reflections              : given scan urls are empty. set urls in the configuration
18:00:28:389  INFO 58244 --- [main] com.alibaba.nacos.common.remote.client   : [e9d1a262-95ca-4eb3-8081-44e318bdf27d] RpcClient init label, labels = {module=naming, source=sdk}
18:00:28:391  INFO 58244 --- [main] com.alibaba.nacos.common.remote.client   : [e9d1a262-95ca-4eb3-8081-44e318bdf27d] RpcClient init, ServerListFactory = com.alibaba.nacos.client.naming.core.ServerListManager
18:00:28:391  INFO 58244 --- [main] com.alibaba.nacos.common.remote.client   : [e9d1a262-95ca-4eb3-8081-44e318bdf27d] Registry connection listener to current client:com.alibaba.nacos.client.naming.remote.gprc.redo.NamingGrpcRedoService
18:00:28:392  INFO 58244 --- [main] com.alibaba.nacos.common.remote.client   : [e9d1a262-95ca-4eb3-8081-44e318bdf27d] Register server push request handler:com.alibaba.nacos.client.naming.remote.gprc.NamingPushRequestHandler
18:00:28:394  INFO 58244 --- [main] com.alibaba.nacos.common.remote.client   : [e9d1a262-95ca-4eb3-8081-44e318bdf27d] Try to connect to server on start up, server: {serverIp = '127.0.0.1', server main port = 8848}
18:00:33:858 ERROR 58244 --- [main] c.a.n.c.remote.client.grpc.GrpcClient    : Server check fail, please check server 127.0.0.1 ,port 9848 is available , error ={}

java.util.concurrent.TimeoutException: Waited 3000 milliseconds (plus 6 milliseconds, 48700 nanoseconds delay) for com.alibaba.nacos.shaded.io.grpc.stub.ClientCalls$GrpcFuture@96075c0[status=PENDING, info=[GrpcFuture{clientCall={delegate={delegate=ClientCallImpl{method=MethodDescriptor{fullMethodName=Request/request, type=UNARY, idempotent=false, safe=false, sampledToLocalTracing=true, requestMarshaller=com.alibaba.nacos.shaded.io.grpc.protobuf.lite.ProtoLiteUtils$MessageMarshaller@5bba9949, responseMarshaller=com.alibaba.nacos.shaded.io.grpc.protobuf.lite.ProtoLiteUtils$MessageMarshaller@147059f8, schemaDescriptor=com.alibaba.nacos.api.grpc.auto.RequestGrpc$RequestMethodDescriptorSupplier@744fb110}}}}}]]
	at com.alibaba.nacos.shaded.com.google.common.util.concurrent.AbstractFuture.get(AbstractFuture.java:508) ~[nacos-client-2.0.4.jar:na]
	at com.alibaba.nacos.common.remote.client.grpc.GrpcClient.serverCheck(GrpcClient.java:148) ~[nacos-client-2.0.4.jar:na]
	at com.alibaba.nacos.common.remote.client.grpc.GrpcClient.connectToServer(GrpcClient.java:264) ~[nacos-client-2.0.4.jar:na]
	at com.alibaba.nacos.common.remote.client.RpcClient.start(RpcClient.java:390) ~[nacos-client-2.0.4.jar:na]
	at com.alibaba.nacos.client.naming.remote.gprc.NamingGrpcClientProxy.start(NamingGrpcClientProxy.java:96) ~[nacos-client-2.0.4.jar:na]
	at com.alibaba.nacos.client.naming.remote.gprc.NamingGrpcClientProxy.<init>(NamingGrpcClientProxy.java:89) ~[nacos-client-2.0.4.jar:na]
	at com.alibaba.nacos.client.naming.remote.NamingClientProxyDelegate.<init>(NamingClientProxyDelegate.java:76) ~[nacos-client-2.0.4.jar:na]
	at com.alibaba.nacos.client.naming.NacosNamingService.init(NacosNamingService.java:95) ~[nacos-client-2.0.4.jar:na]
	at com.alibaba.nacos.client.naming.NacosNamingService.<init>(NacosNamingService.java:81) ~[nacos-client-2.0.4.jar:na]
	at java.base/jdk.internal.reflect.NativeConstructorAccessorImpl.newInstance0(Native Method) ~[na:na]
	at java.base/jdk.internal.reflect.NativeConstructorAccessorImpl.newInstance(NativeConstructorAccessorImpl.java:62) ~[na:na]
	at java.base/jdk.internal.reflect.DelegatingConstructorAccessorImpl.newInstance(DelegatingConstructorAccessorImpl.java:45) ~[na:na]
	at java.base/java.lang.reflect.Constructor.newInstance(Constructor.java:490) ~[na:na]
	at com.alibaba.nacos.api.naming.NamingFactory.createNamingService(NamingFactory.java:59) ~[nacos-client-2.0.4.jar:na]
	at com.alibaba.nacos.api.NacosFactory.createNamingService(NacosFactory.java:77) ~[nacos-client-2.0.4.jar:na]
	at com.alibaba.cloud.nacos.NacosServiceManager.createNewNamingService(NacosServiceManager.java:99) ~[spring-cloud-starter-alibaba-nacos-discovery-2021.0.4.0.jar:2021.0.4.0]
	at com.alibaba.cloud.nacos.NacosServiceManager.buildNamingService(NacosServiceManager.java:90) ~[spring-cloud-starter-alibaba-nacos-discovery-2021.0.4.0.jar:2021.0.4.0]
	at com.alibaba.cloud.nacos.NacosServiceManager.getNamingService(NacosServiceManager.java:46) ~[spring-cloud-starter-alibaba-nacos-discovery-2021.0.4.0.jar:2021.0.4.0]
	at com.alibaba.cloud.nacos.discovery.NacosWatch.start(NacosWatch.java:130) ~[spring-cloud-starter-alibaba-nacos-discovery-2021.0.4.0.jar:2021.0.4.0]
	at org.springframework.context.support.DefaultLifecycleProcessor.doStart(DefaultLifecycleProcessor.java:178) ~[spring-context-5.3.27.jar:5.3.27]
	at org.springframework.context.support.DefaultLifecycleProcessor.access$200(DefaultLifecycleProcessor.java:54) ~[spring-context-5.3.27.jar:5.3.27]
	at org.springframework.context.support.DefaultLifecycleProcessor$LifecycleGroup.start(DefaultLifecycleProcessor.java:356) ~[spring-context-5.3.27.jar:5.3.27]
	at java.base/java.lang.Iterable.forEach(Iterable.java:75) ~[na:na]
	at org.springframework.context.support.DefaultLifecycleProcessor.startBeans(DefaultLifecycleProcessor.java:155) ~[spring-context-5.3.27.jar:5.3.27]
	at org.springframework.context.support.DefaultLifecycleProcessor.onRefresh(DefaultLifecycleProcessor.java:123) ~[spring-context-5.3.27.jar:5.3.27]
	at org.springframework.context.support.AbstractApplicationContext.finishRefresh(AbstractApplicationContext.java:937) ~[spring-context-5.3.27.jar:5.3.27]
	at org.springframework.context.support.AbstractApplicationContext.refresh(AbstractApplicationContext.java:586) ~[spring-context-5.3.27.jar:5.3.27]
	at org.springframework.boot.web.servlet.context.ServletWebServerApplicationContext.refresh(ServletWebServerApplicationContext.java:147) ~[spring-boot-2.7.12.jar:2.7.12]
	at org.springframework.boot.SpringApplication.refresh(SpringApplication.java:731) ~[spring-boot-2.7.12.jar:2.7.12]
	at org.springframework.boot.SpringApplication.refreshContext(SpringApplication.java:408) ~[spring-boot-2.7.12.jar:2.7.12]
	at org.springframework.boot.SpringApplication.run(SpringApplication.java:307) ~[spring-boot-2.7.12.jar:2.7.12]
	at org.springframework.boot.SpringApplication.run(SpringApplication.java:1303) ~[spring-boot-2.7.12.jar:2.7.12]
	at org.springframework.boot.SpringApplication.run(SpringApplication.java:1292) ~[spring-boot-2.7.12.jar:2.7.12]
	at com.hmall.pay.PayApplication.main(PayApplication.java:14) ~[classes/:na]

18:00:33:865  INFO 58244 --- [main] com.alibaba.nacos.common.remote.client   : [e9d1a262-95ca-4eb3-8081-44e318bdf27d] Try to connect to server on start up, server: {serverIp = '127.0.0.1', server main port = 8848}
18:00:34:073  INFO 58244 --- [main] com.alibaba.nacos.common.remote.client   : [e9d1a262-95ca-4eb3-8081-44e318bdf27d] Success to connect to server [127.0.0.1:8848] on start up, connectionId = 1778925633883_127.0.0.1_4918
18:00:34:074  INFO 58244 --- [com.alibaba.nacos.client.remote.worker] com.alibaba.nacos.common.remote.client   : [e9d1a262-95ca-4eb3-8081-44e318bdf27d] Notify connected event to listeners.
18:00:34:076  INFO 58244 --- [main] com.alibaba.nacos.common.remote.client   : [e9d1a262-95ca-4eb3-8081-44e318bdf27d] Register server push request handler:com.alibaba.nacos.common.remote.client.RpcClient$ConnectResetRequestHandler
18:00:34:076  INFO 58244 --- [main] com.alibaba.nacos.common.remote.client   : [e9d1a262-95ca-4eb3-8081-44e318bdf27d] Register server push request handler:com.alibaba.nacos.common.remote.client.RpcClient$$Lambda$978/0x0000000840613840
18:00:34:140  INFO 58244 --- [main] o.s.b.w.embedded.tomcat.TomcatWebServer  : Tomcat started on port(s): 8086 (http) with context path ''
18:00:34:151  INFO 58244 --- [main] c.a.c.n.registry.NacosServiceRegistry    : nacos registry, DEFAULT_GROUP pay-service 192.168.6.224:8086 register finished
18:00:34:729  INFO 58244 --- [nacos-grpc-client-executor-8] com.alibaba.nacos.common.remote.client   : [e9d1a262-95ca-4eb3-8081-44e318bdf27d] Receive server push request, request = NotifySubscriberRequest, requestId = 28
18:00:34:738  INFO 58244 --- [nacos-grpc-client-executor-8] com.alibaba.nacos.common.remote.client   : [e9d1a262-95ca-4eb3-8081-44e318bdf27d] Ack server push request, request = NotifySubscriberRequest, requestId = 28
18:00:36:347  INFO 58244 --- [main] d.s.w.p.DocumentationPluginsBootstrapper : Documentation plugins bootstrapped
18:00:36:353  INFO 58244 --- [main] d.s.w.p.DocumentationPluginsBootstrapper : Found 1 custom documentation plugin(s)
18:00:36:383  INFO 58244 --- [main] s.d.s.w.s.ApiListingReferenceScanner     : Scanning for api listing references
18:00:36:517  INFO 58244 --- [main] com.hmall.pay.PayApplication             : Started PayApplication in 19.947 seconds (JVM running for 20.815)
18:05:31:056  WARN 58244 --- [Thread-4] c.a.nacos.common.notify.NotifyCenter     : [NotifyCenter] Start destroying Publisher
18:05:31:056  WARN 58244 --- [Thread-7] c.a.n.common.http.HttpClientBeanHolder   : [HttpClientBeanHolder] Start destroying common HttpClient
18:05:31:057  WARN 58244 --- [Thread-4] c.a.nacos.common.notify.NotifyCenter     : [NotifyCenter] Destruction of the end
18:05:31:058  WARN 58244 --- [Thread-7] c.a.n.common.http.HttpClientBeanHolder   : [HttpClientBeanHolder] Destruction of the end
18:05:31:868  INFO 58244 --- [SpringApplicationShutdownHook] c.a.c.n.registry.NacosServiceRegistry    : De-registering from Nacos Server now...
18:05:31:872  INFO 58244 --- [SpringApplicationShutdownHook] c.a.c.n.registry.NacosServiceRegistry    : De-registration finished.
18:05:32:199  INFO 58244 --- [SpringApplicationShutdownHook] com.alibaba.nacos.common.remote.client   : Shutdown rpc client, set status to shutdown
18:05:32:200  INFO 58244 --- [SpringApplicationShutdownHook] com.alibaba.nacos.common.remote.client   : Shutdown client event executor java.util.concurrent.ScheduledThreadPoolExecutor@4be1fb5f[Running, pool size = 2, active threads = 2, queued tasks = 0, completed tasks = 0]
18:05:32:200  INFO 58244 --- [SpringApplicationShutdownHook] com.alibaba.nacos.common.remote.client   : Close current connection 1778925633883_127.0.0.1_4918
18:05:32:200  INFO 58244 --- [SpringApplicationShutdownHook] c.a.n.c.remote.client.grpc.GrpcClient    : Shutdown grpc executor java.util.concurrent.ThreadPoolExecutor@2cca6137[Running, pool size = 4, active threads = 0, queued tasks = 0, completed tasks = 71]
18:05:51:637  INFO 32256 --- [main] com.hmall.pay.PayApplication             : Starting PayApplication using Java 11.0.31 on ChiYu with PID 32256 (D:\develop\hmall\pay-service\target\classes started by chiyu in D:\develop\hmall)
18:05:51:639 DEBUG 32256 --- [main] com.hmall.pay.PayApplication             : Running with Spring Boot v2.7.12, Spring v5.3.27
18:05:51:639  INFO 32256 --- [main] com.hmall.pay.PayApplication             : The following 1 profile is active: "dev"
18:05:52:289  INFO 32256 --- [main] o.s.cloud.context.scope.GenericScope     : BeanFactory id=01d8b01a-9dca-395a-8a21-45a8fef661c6
18:05:52:510  INFO 32256 --- [main] o.s.b.w.embedded.tomcat.TomcatWebServer  : Tomcat initialized with port(s): 8086 (http)
18:05:52:514  INFO 32256 --- [main] o.apache.catalina.core.StandardService   : Starting service [Tomcat]
18:05:52:515  INFO 32256 --- [main] org.apache.catalina.core.StandardEngine  : Starting Servlet engine: [Apache Tomcat/9.0.75]
18:05:52:630  INFO 32256 --- [main] o.a.c.c.C.[Tomcat].[localhost].[/]       : Initializing Spring embedded WebApplicationContext
18:05:52:630  INFO 32256 --- [main] w.s.c.ServletWebServerApplicationContext : Root WebApplicationContext: initialization completed in 954 ms
18:05:52:737  INFO 32256 --- [main] o.s.c.openfeign.FeignClientFactoryBean   : For 'user-service' URL not provided. Will try picking an instance via load-balancing.
18:05:52:768  INFO 32256 --- [main] o.s.c.openfeign.FeignClientFactoryBean   : For 'trade-service' URL not provided. Will try picking an instance via load-balancing.
18:05:56:263  INFO 32256 --- [main] pertySourcedRequestMappingHandlerMapping : Mapped URL path [/v2/api-docs] onto method [springfox.documentation.swagger2.web.Swagger2ControllerWebMvc#getDocumentation(String, HttpServletRequest)]
18:05:57:399  INFO 32256 --- [main] com.alibaba.nacos.common.remote.client   : [RpcClientFactory] create a new rpc client of 8da9ea5d-9660-473c-b594-a31f9eaee519
18:05:57:419  INFO 32256 --- [main] org.reflections.Reflections              : Reflections took 10 ms to scan 1 urls, producing 3 keys and 6 values 
18:05:57:432  INFO 32256 --- [main] org.reflections.Reflections              : Reflections took 6 ms to scan 1 urls, producing 4 keys and 9 values 
18:05:57:438  INFO 32256 --- [main] org.reflections.Reflections              : Reflections took 4 ms to scan 1 urls, producing 3 keys and 10 values 
18:05:57:440  WARN 32256 --- [main] org.reflections.Reflections              : given scan urls are empty. set urls in the configuration
18:05:57:444  INFO 32256 --- [main] org.reflections.Reflections              : Reflections took 4 ms to scan 1 urls, producing 1 keys and 5 values 
18:05:57:450  INFO 32256 --- [main] org.reflections.Reflections              : Reflections took 4 ms to scan 1 urls, producing 1 keys and 7 values 
18:05:57:456  INFO 32256 --- [main] org.reflections.Reflections              : Reflections took 4 ms to scan 1 urls, producing 2 keys and 8 values 
18:05:57:457  WARN 32256 --- [main] org.reflections.Reflections              : given scan urls are empty. set urls in the configuration
18:05:57:458  INFO 32256 --- [main] com.alibaba.nacos.common.remote.client   : [8da9ea5d-9660-473c-b594-a31f9eaee519] RpcClient init label, labels = {module=naming, source=sdk}
18:05:57:459  INFO 32256 --- [main] com.alibaba.nacos.common.remote.client   : [8da9ea5d-9660-473c-b594-a31f9eaee519] RpcClient init, ServerListFactory = com.alibaba.nacos.client.naming.core.ServerListManager
18:05:57:459  INFO 32256 --- [main] com.alibaba.nacos.common.remote.client   : [8da9ea5d-9660-473c-b594-a31f9eaee519] Registry connection listener to current client:com.alibaba.nacos.client.naming.remote.gprc.redo.NamingGrpcRedoService
18:05:57:459  INFO 32256 --- [main] com.alibaba.nacos.common.remote.client   : [8da9ea5d-9660-473c-b594-a31f9eaee519] Register server push request handler:com.alibaba.nacos.client.naming.remote.gprc.NamingPushRequestHandler
18:05:57:461  INFO 32256 --- [main] com.alibaba.nacos.common.remote.client   : [8da9ea5d-9660-473c-b594-a31f9eaee519] Try to connect to server on start up, server: {serverIp = '127.0.0.1', server main port = 8848}
18:05:59:627  INFO 32256 --- [main] com.alibaba.nacos.common.remote.client   : [8da9ea5d-9660-473c-b594-a31f9eaee519] Success to connect to server [127.0.0.1:8848] on start up, connectionId = 1778925959456_127.0.0.1_2854
18:05:59:627  INFO 32256 --- [com.alibaba.nacos.client.remote.worker] com.alibaba.nacos.common.remote.client   : [8da9ea5d-9660-473c-b594-a31f9eaee519] Notify connected event to listeners.
18:05:59:628  INFO 32256 --- [main] com.alibaba.nacos.common.remote.client   : [8da9ea5d-9660-473c-b594-a31f9eaee519] Register server push request handler:com.alibaba.nacos.common.remote.client.RpcClient$ConnectResetRequestHandler
18:05:59:629  INFO 32256 --- [main] com.alibaba.nacos.common.remote.client   : [8da9ea5d-9660-473c-b594-a31f9eaee519] Register server push request handler:com.alibaba.nacos.common.remote.client.RpcClient$$Lambda$977/0x0000000840613440
18:05:59:656  INFO 32256 --- [main] o.s.b.w.embedded.tomcat.TomcatWebServer  : Tomcat started on port(s): 8086 (http) with context path ''
18:05:59:662  INFO 32256 --- [main] c.a.c.n.registry.NacosServiceRegistry    : nacos registry, DEFAULT_GROUP pay-service 192.168.6.224:8086 register finished
18:06:00:157  INFO 32256 --- [nacos-grpc-client-executor-8] com.alibaba.nacos.common.remote.client   : [8da9ea5d-9660-473c-b594-a31f9eaee519] Receive server push request, request = NotifySubscriberRequest, requestId = 38
18:06:00:160  INFO 32256 --- [nacos-grpc-client-executor-8] com.alibaba.nacos.common.remote.client   : [8da9ea5d-9660-473c-b594-a31f9eaee519] Ack server push request, request = NotifySubscriberRequest, requestId = 38
18:06:00:338  INFO 32256 --- [main] d.s.w.p.DocumentationPluginsBootstrapper : Documentation plugins bootstrapped
18:06:00:340  INFO 32256 --- [main] d.s.w.p.DocumentationPluginsBootstrapper : Found 1 custom documentation plugin(s)
18:06:00:351  INFO 32256 --- [main] s.d.s.w.s.ApiListingReferenceScanner     : Scanning for api listing references
18:06:00:404  INFO 32256 --- [main] com.hmall.pay.PayApplication             : Started PayApplication in 10.128 seconds (JVM running for 11.267)
18:06:31:956  INFO 32256 --- [http-nio-8086-exec-1] o.a.c.c.C.[Tomcat].[localhost].[/]       : Initializing Spring DispatcherServlet 'dispatcherServlet'
18:06:31:957  INFO 32256 --- [http-nio-8086-exec-1] o.s.web.servlet.DispatcherServlet        : Initializing Servlet 'dispatcherServlet'
18:06:31:962  INFO 32256 --- [http-nio-8086-exec-1] o.s.web.servlet.DispatcherServlet        : Completed initialization in 5 ms
18:06:32:181  INFO 32256 --- [http-nio-8086-exec-1] com.zaxxer.hikari.HikariDataSource       : HikariPool-1 - Starting...
18:06:32:633  INFO 32256 --- [http-nio-8086-exec-1] com.zaxxer.hikari.HikariDataSource       : HikariPool-1 - Start completed.
18:06:32:645 DEBUG 32256 --- [http-nio-8086-exec-1] c.h.pay.mapper.PayOrderMapper.selectOne  : ==>  Preparing: SELECT id,biz_order_no,pay_order_no,biz_user_id,pay_channel_code,amount,pay_type,status,expand_json,result_code,result_msg,pay_success_time,pay_over_time,qr_code_url,create_time,update_time,creater,updater,is_delete FROM pay_order WHERE (biz_order_no = ?)
18:06:32:675 DEBUG 32256 --- [http-nio-8086-exec-1] c.h.pay.mapper.PayOrderMapper.selectOne  : ==> Parameters: 2055590710892290050(Long)
18:06:32:712 DEBUG 32256 --- [http-nio-8086-exec-1] c.h.pay.mapper.PayOrderMapper.selectOne  : <==      Total: 0
18:06:32:792 DEBUG 32256 --- [http-nio-8086-exec-1] c.h.pay.mapper.PayOrderMapper.insert     : ==>  Preparing: INSERT INTO pay_order ( id, biz_order_no, pay_order_no, biz_user_id, pay_channel_code, amount, pay_type, status, pay_over_time ) VALUES ( ?, ?, ?, ?, ?, ?, ?, ?, ? )
18:06:32:796 DEBUG 32256 --- [http-nio-8086-exec-1] c.h.pay.mapper.PayOrderMapper.insert     : ==> Parameters: 2055590717687050242(Long), 2055590710892290050(Long), 2055590717687050241(Long), 1(Long), balance(String), 35400(Integer), 5(Integer), 1(Integer), 2026-05-16T20:06:32.780891100(LocalDateTime)
18:06:32:802 DEBUG 32256 --- [http-nio-8086-exec-1] c.h.pay.mapper.PayOrderMapper.insert     : <==    Updates: 1
18:16:06:181 DEBUG 32256 --- [http-nio-8086-exec-2] c.h.pay.mapper.PayOrderMapper.selectOne  : ==>  Preparing: SELECT id,biz_order_no,pay_order_no,biz_user_id,pay_channel_code,amount,pay_type,status,expand_json,result_code,result_msg,pay_success_time,pay_over_time,qr_code_url,create_time,update_time,creater,updater,is_delete FROM pay_order WHERE (biz_order_no = ?)
18:16:06:186 DEBUG 32256 --- [http-nio-8086-exec-2] c.h.pay.mapper.PayOrderMapper.selectOne  : ==> Parameters: 2055593120385687553(Long)
18:16:06:190 DEBUG 32256 --- [http-nio-8086-exec-2] c.h.pay.mapper.PayOrderMapper.selectOne  : <==      Total: 0
18:16:06:199 DEBUG 32256 --- [http-nio-8086-exec-2] c.h.pay.mapper.PayOrderMapper.insert     : ==>  Preparing: INSERT INTO pay_order ( id, biz_order_no, pay_order_no, biz_user_id, pay_channel_code, amount, pay_type, status, pay_over_time ) VALUES ( ?, ?, ?, ?, ?, ?, ?, ?, ? )
18:16:06:201 DEBUG 32256 --- [http-nio-8086-exec-2] c.h.pay.mapper.PayOrderMapper.insert     : ==> Parameters: 2055593122734518275(Long), 2055593120385687553(Long), 2055593122734518274(Long), 1(Long), balance(String), 35400(Integer), 5(Integer), 1(Integer), 2026-05-16T20:16:06.195316800(LocalDateTime)
18:16:06:206 DEBUG 32256 --- [http-nio-8086-exec-2] c.h.pay.mapper.PayOrderMapper.insert     : <==    Updates: 1
