18:56:51:266  INFO 15108 --- [main] com.hmall.HMallApplication               : Starting HMallApplication using Java 11.0.31 on ChiYu with PID 15108 (D:\develop\hmall\hm-service\target\classes started by chiyu in D:\develop\hmall)
18:56:51:271 DEBUG 15108 --- [main] com.hmall.HMallApplication               : Running with Spring Boot v2.7.12, Spring v5.3.27
18:56:51:271  INFO 15108 --- [main] com.hmall.HMallApplication               : The following 1 profile is active: "dev"
18:56:51:906  INFO 15108 --- [main] .s.d.r.c.RepositoryConfigurationDelegate : Multiple Spring Data modules found, entering strict repository configuration mode
18:56:51:908  INFO 15108 --- [main] .s.d.r.c.RepositoryConfigurationDelegate : Bootstrapping Spring Data Redis repositories in DEFAULT mode.
18:56:51:928  INFO 15108 --- [main] .s.d.r.c.RepositoryConfigurationDelegate : Finished Spring Data repository scanning in 11 ms. Found 0 Redis repository interfaces.
18:56:52:242  INFO 15108 --- [main] o.s.b.w.embedded.tomcat.TomcatWebServer  : Tomcat initialized with port(s): 8080 (http)
18:56:52:247  INFO 15108 --- [main] o.apache.catalina.core.StandardService   : Starting service [Tomcat]
18:56:52:247  INFO 15108 --- [main] org.apache.catalina.core.StandardEngine  : Starting Servlet engine: [Apache Tomcat/9.0.75]
18:56:52:386  INFO 15108 --- [main] o.a.c.c.C.[Tomcat].[localhost].[/]       : Initializing Spring embedded WebApplicationContext
18:56:52:386  INFO 15108 --- [main] w.s.c.ServletWebServerApplicationContext : Root WebApplicationContext: initialization completed in 1082 ms
18:56:54:594  INFO 15108 --- [main] pertySourcedRequestMappingHandlerMapping : Mapped URL path [/v2/api-docs] onto method [springfox.documentation.swagger2.web.Swagger2ControllerWebMvc#getDocumentation(String, HttpServletRequest)]
18:56:54:940  INFO 15108 --- [main] o.s.b.w.embedded.tomcat.TomcatWebServer  : Tomcat started on port(s): 8080 (http) with context path ''
18:56:54:941  INFO 15108 --- [main] d.s.w.p.DocumentationPluginsBootstrapper : Documentation plugins bootstrapped
18:56:54:944  INFO 15108 --- [main] d.s.w.p.DocumentationPluginsBootstrapper : Found 1 custom documentation plugin(s)
18:56:54:963  INFO 15108 --- [main] s.d.s.w.s.ApiListingReferenceScanner     : Scanning for api listing references
18:56:55:079  INFO 15108 --- [main] com.hmall.HMallApplication               : Started HMallApplication in 4.101 seconds (JVM running for 5.232)
18:57:04:645  INFO 15108 --- [http-nio-8080-exec-1] o.a.c.c.C.[Tomcat].[localhost].[/]       : Initializing Spring DispatcherServlet 'dispatcherServlet'
18:57:04:647  INFO 15108 --- [http-nio-8080-exec-1] o.s.web.servlet.DispatcherServlet        : Initializing Servlet 'dispatcherServlet'
18:57:04:648  INFO 15108 --- [http-nio-8080-exec-1] o.s.web.servlet.DispatcherServlet        : Completed initialization in 1 ms
18:57:04:878  INFO 15108 --- [http-nio-8080-exec-1] com.zaxxer.hikari.HikariDataSource       : HikariPool-1 - Starting...
18:57:05:255  INFO 15108 --- [http-nio-8080-exec-1] com.zaxxer.hikari.HikariDataSource       : HikariPool-1 - Start completed.
18:57:05:265 DEBUG 15108 --- [http-nio-8080-exec-1] com.hmall.mapper.UserMapper.selectOne    : ==>  Preparing: SELECT id,username,password,phone,create_time,update_time,status,balance FROM user WHERE (username = ?)
18:57:05:350 DEBUG 15108 --- [http-nio-8080-exec-1] com.hmall.mapper.UserMapper.selectOne    : ==> Parameters: jack(String)
18:57:05:382 DEBUG 15108 --- [http-nio-8080-exec-1] com.hmall.mapper.UserMapper.selectOne    : <==      Total: 1
18:57:05:545 ERROR 15108 --- [http-nio-8080-exec-1] c.h.common.advice.CommonExceptionAdvice  : 自定义异常 -> com.hmall.common.exception.BadRequestException , 异常原因：用户名或密码错误  
18:57:05:545 DEBUG 15108 --- [http-nio-8080-exec-1] c.h.common.advice.CommonExceptionAdvice  : 

com.hmall.common.exception.BadRequestException: 用户名或密码错误
	at com.hmall.service.impl.UserServiceImpl.login(UserServiceImpl.java:54) ~[classes/:na]
	at com.hmall.service.impl.UserServiceImpl$$FastClassBySpringCGLIB$$84609514.invoke(<generated>) ~[classes/:na]
	at org.springframework.cglib.proxy.MethodProxy.invoke(MethodProxy.java:218) ~[spring-core-5.3.27.jar:5.3.27]
	at org.springframework.aop.framework.CglibAopProxy.invokeMethod(CglibAopProxy.java:386) ~[spring-aop-5.3.27.jar:5.3.27]
	at org.springframework.aop.framework.CglibAopProxy.access$000(CglibAopProxy.java:85) ~[spring-aop-5.3.27.jar:5.3.27]
	at org.springframework.aop.framework.CglibAopProxy$DynamicAdvisedInterceptor.intercept(CglibAopProxy.java:704) ~[spring-aop-5.3.27.jar:5.3.27]
	at com.hmall.service.impl.UserServiceImpl$$EnhancerBySpringCGLIB$$a8e546f3.login(<generated>) ~[classes/:na]
	at com.hmall.controller.UserController.login(UserController.java:25) ~[classes/:na]
	at java.base/jdk.internal.reflect.NativeMethodAccessorImpl.invoke0(Native Method) ~[na:na]
	at java.base/jdk.internal.reflect.NativeMethodAccessorImpl.invoke(NativeMethodAccessorImpl.java:62) ~[na:na]
	at java.base/jdk.internal.reflect.DelegatingMethodAccessorImpl.invoke(DelegatingMethodAccessorImpl.java:43) ~[na:na]
	at java.base/java.lang.reflect.Method.invoke(Method.java:566) ~[na:na]
	at org.springframework.web.method.support.InvocableHandlerMethod.doInvoke(InvocableHandlerMethod.java:205) ~[spring-web-5.3.27.jar:5.3.27]
	at org.springframework.web.method.support.InvocableHandlerMethod.invokeForRequest(InvocableHandlerMethod.java:150) ~[spring-web-5.3.27.jar:5.3.27]
	at org.springframework.web.servlet.mvc.method.annotation.ServletInvocableHandlerMethod.invokeAndHandle(ServletInvocableHandlerMethod.java:117) ~[spring-webmvc-5.3.27.jar:5.3.27]
	at org.springframework.web.servlet.mvc.method.annotation.RequestMappingHandlerAdapter.invokeHandlerMethod(RequestMappingHandlerAdapter.java:895) ~[spring-webmvc-5.3.27.jar:5.3.27]
	at org.springframework.web.servlet.mvc.method.annotation.RequestMappingHandlerAdapter.handleInternal(RequestMappingHandlerAdapter.java:808) ~[spring-webmvc-5.3.27.jar:5.3.27]
	at org.springframework.web.servlet.mvc.method.AbstractHandlerMethodAdapter.handle(AbstractHandlerMethodAdapter.java:87) ~[spring-webmvc-5.3.27.jar:5.3.27]
	at org.springframework.web.servlet.DispatcherServlet.doDispatch(DispatcherServlet.java:1072) ~[spring-webmvc-5.3.27.jar:5.3.27]
	at org.springframework.web.servlet.DispatcherServlet.doService(DispatcherServlet.java:965) ~[spring-webmvc-5.3.27.jar:5.3.27]
	at org.springframework.web.servlet.FrameworkServlet.processRequest(FrameworkServlet.java:1006) ~[spring-webmvc-5.3.27.jar:5.3.27]
	at org.springframework.web.servlet.FrameworkServlet.doPost(FrameworkServlet.java:909) ~[spring-webmvc-5.3.27.jar:5.3.27]
	at javax.servlet.http.HttpServlet.service(HttpServlet.java:555) ~[tomcat-embed-core-9.0.75.jar:4.0.FR]
	at org.springframework.web.servlet.FrameworkServlet.service(FrameworkServlet.java:883) ~[spring-webmvc-5.3.27.jar:5.3.27]
	at javax.servlet.http.HttpServlet.service(HttpServlet.java:623) ~[tomcat-embed-core-9.0.75.jar:4.0.FR]
	at org.apache.catalina.core.ApplicationFilterChain.internalDoFilter(ApplicationFilterChain.java:209) ~[tomcat-embed-core-9.0.75.jar:9.0.75]
	at org.apache.catalina.core.ApplicationFilterChain.doFilter(ApplicationFilterChain.java:153) ~[tomcat-embed-core-9.0.75.jar:9.0.75]
	at org.apache.tomcat.websocket.server.WsFilter.doFilter(WsFilter.java:51) ~[tomcat-embed-websocket-9.0.75.jar:9.0.75]
	at org.apache.catalina.core.ApplicationFilterChain.internalDoFilter(ApplicationFilterChain.java:178) ~[tomcat-embed-core-9.0.75.jar:9.0.75]
	at org.apache.catalina.core.ApplicationFilterChain.doFilter(ApplicationFilterChain.java:153) ~[tomcat-embed-core-9.0.75.jar:9.0.75]
	at org.springframework.web.filter.RequestContextFilter.doFilterInternal(RequestContextFilter.java:100) ~[spring-web-5.3.27.jar:5.3.27]
	at org.springframework.web.filter.OncePerRequestFilter.doFilter(OncePerRequestFilter.java:117) ~[spring-web-5.3.27.jar:5.3.27]
	at org.apache.catalina.core.ApplicationFilterChain.internalDoFilter(ApplicationFilterChain.java:178) ~[tomcat-embed-core-9.0.75.jar:9.0.75]
	at org.apache.catalina.core.ApplicationFilterChain.doFilter(ApplicationFilterChain.java:153) ~[tomcat-embed-core-9.0.75.jar:9.0.75]
	at org.springframework.web.filter.FormContentFilter.doFilterInternal(FormContentFilter.java:93) ~[spring-web-5.3.27.jar:5.3.27]
	at org.springframework.web.filter.OncePerRequestFilter.doFilter(OncePerRequestFilter.java:117) ~[spring-web-5.3.27.jar:5.3.27]
	at org.apache.catalina.core.ApplicationFilterChain.internalDoFilter(ApplicationFilterChain.java:178) ~[tomcat-embed-core-9.0.75.jar:9.0.75]
	at org.apache.catalina.core.ApplicationFilterChain.doFilter(ApplicationFilterChain.java:153) ~[tomcat-embed-core-9.0.75.jar:9.0.75]
	at org.springframework.web.filter.CharacterEncodingFilter.doFilterInternal(CharacterEncodingFilter.java:201) ~[spring-web-5.3.27.jar:5.3.27]
	at org.springframework.web.filter.OncePerRequestFilter.doFilter(OncePerRequestFilter.java:117) ~[spring-web-5.3.27.jar:5.3.27]
	at org.apache.catalina.core.ApplicationFilterChain.internalDoFilter(ApplicationFilterChain.java:178) ~[tomcat-embed-core-9.0.75.jar:9.0.75]
	at org.apache.catalina.core.ApplicationFilterChain.doFilter(ApplicationFilterChain.java:153) ~[tomcat-embed-core-9.0.75.jar:9.0.75]
	at org.apache.catalina.core.StandardWrapperValve.invoke(StandardWrapperValve.java:167) ~[tomcat-embed-core-9.0.75.jar:9.0.75]
	at org.apache.catalina.core.StandardContextValve.invoke(StandardContextValve.java:90) ~[tomcat-embed-core-9.0.75.jar:9.0.75]
	at org.apache.catalina.authenticator.AuthenticatorBase.invoke(AuthenticatorBase.java:481) ~[tomcat-embed-core-9.0.75.jar:9.0.75]
	at org.apache.catalina.core.StandardHostValve.invoke(StandardHostValve.java:130) ~[tomcat-embed-core-9.0.75.jar:9.0.75]
	at org.apache.catalina.valves.ErrorReportValve.invoke(ErrorReportValve.java:93) ~[tomcat-embed-core-9.0.75.jar:9.0.75]
	at org.apache.catalina.core.StandardEngineValve.invoke(StandardEngineValve.java:74) ~[tomcat-embed-core-9.0.75.jar:9.0.75]
	at org.apache.catalina.connector.CoyoteAdapter.service(CoyoteAdapter.java:343) ~[tomcat-embed-core-9.0.75.jar:9.0.75]
	at org.apache.coyote.http11.Http11Processor.service(Http11Processor.java:390) ~[tomcat-embed-core-9.0.75.jar:9.0.75]
	at org.apache.coyote.AbstractProcessorLight.process(AbstractProcessorLight.java:63) ~[tomcat-embed-core-9.0.75.jar:9.0.75]
	at org.apache.coyote.AbstractProtocol$ConnectionHandler.process(AbstractProtocol.java:926) ~[tomcat-embed-core-9.0.75.jar:9.0.75]
	at org.apache.tomcat.util.net.NioEndpoint$SocketProcessor.doRun(NioEndpoint.java:1791) ~[tomcat-embed-core-9.0.75.jar:9.0.75]
	at org.apache.tomcat.util.net.SocketProcessorBase.run(SocketProcessorBase.java:52) ~[tomcat-embed-core-9.0.75.jar:9.0.75]
	at org.apache.tomcat.util.threads.ThreadPoolExecutor.runWorker(ThreadPoolExecutor.java:1191) ~[tomcat-embed-core-9.0.75.jar:9.0.75]
	at org.apache.tomcat.util.threads.ThreadPoolExecutor$Worker.run(ThreadPoolExecutor.java:659) ~[tomcat-embed-core-9.0.75.jar:9.0.75]
	at org.apache.tomcat.util.threads.TaskThread$WrappingRunnable.run(TaskThread.java:61) ~[tomcat-embed-core-9.0.75.jar:9.0.75]
	at java.base/java.lang.Thread.run(Thread.java:829) ~[na:na]

18:57:08:880 DEBUG 15108 --- [http-nio-8080-exec-2] com.hmall.mapper.UserMapper.selectOne    : ==>  Preparing: SELECT id,username,password,phone,create_time,update_time,status,balance FROM user WHERE (username = ?)
18:57:08:880 DEBUG 15108 --- [http-nio-8080-exec-2] com.hmall.mapper.UserMapper.selectOne    : ==> Parameters: jack(String)
18:57:08:882 DEBUG 15108 --- [http-nio-8080-exec-2] com.hmall.mapper.UserMapper.selectOne    : <==      Total: 1
18:57:09:208 DEBUG 15108 --- [http-nio-8080-exec-3] com.hmall.mapper.CartMapper.selectList   : ==>  Preparing: SELECT id,user_id,item_id,num,name,spec,price,image,create_time,update_time FROM cart WHERE (user_id = ?)
18:57:09:208 DEBUG 15108 --- [http-nio-8080-exec-3] com.hmall.mapper.CartMapper.selectList   : ==> Parameters: 1(Long)
18:57:09:227 DEBUG 15108 --- [http-nio-8080-exec-3] com.hmall.mapper.CartMapper.selectList   : <==      Total: 0
18:57:11:383 DEBUG 15108 --- [http-nio-8080-exec-4] c.h.m.ItemMapper.selectPage_mpCount      : ==>  Preparing: SELECT COUNT(*) FROM item WHERE (status = ?)
18:57:11:383 DEBUG 15108 --- [http-nio-8080-exec-4] c.h.m.ItemMapper.selectPage_mpCount      : ==> Parameters: 1(Integer)
18:57:11:409 DEBUG 15108 --- [http-nio-8080-exec-4] c.h.m.ItemMapper.selectPage_mpCount      : <==      Total: 1
18:57:11:414 DEBUG 15108 --- [http-nio-8080-exec-4] com.hmall.mapper.ItemMapper.selectPage   : ==>  Preparing: SELECT id, name, price, stock, image, category, brand, spec, sold, comment_count, isAD, status, create_time, update_time, creater, updater FROM item WHERE (status = ?) ORDER BY update_time DESC LIMIT ?
18:57:11:424 DEBUG 15108 --- [http-nio-8080-exec-4] com.hmall.mapper.ItemMapper.selectPage   : ==> Parameters: 1(Integer), 20(Long)
18:57:11:439 DEBUG 15108 --- [http-nio-8080-exec-4] com.hmall.mapper.ItemMapper.selectPage   : <==      Total: 20
18:57:13:271 DEBUG 15108 --- [http-nio-8080-exec-5] com.hmall.mapper.CartMapper.selectCount  : ==>  Preparing: SELECT COUNT( * ) FROM cart WHERE (user_id = ? AND item_id = ?)
18:57:13:271 DEBUG 15108 --- [http-nio-8080-exec-5] com.hmall.mapper.CartMapper.selectCount  : ==> Parameters: 1(Long), 40305713537(Long)
18:57:13:271 DEBUG 15108 --- [http-nio-8080-exec-5] com.hmall.mapper.CartMapper.selectCount  : <==      Total: 1
18:57:13:281 DEBUG 15108 --- [http-nio-8080-exec-5] com.hmall.mapper.CartMapper.selectCount  : ==>  Preparing: SELECT COUNT( * ) FROM cart WHERE (user_id = ?)
18:57:13:281 DEBUG 15108 --- [http-nio-8080-exec-5] com.hmall.mapper.CartMapper.selectCount  : ==> Parameters: 1(Long)
18:57:13:281 DEBUG 15108 --- [http-nio-8080-exec-5] com.hmall.mapper.CartMapper.selectCount  : <==      Total: 1
18:57:13:287 DEBUG 15108 --- [http-nio-8080-exec-5] com.hmall.mapper.CartMapper.insert       : ==>  Preparing: INSERT INTO cart ( user_id, item_id, name, spec, price, image ) VALUES ( ?, ?, ?, ?, ?, ? )
18:57:13:287 DEBUG 15108 --- [http-nio-8080-exec-5] com.hmall.mapper.CartMapper.insert       : ==> Parameters: 1(Long), 40305713537(Long), 【官方正品 品牌直营】奥古狮登小白鞋女秋季透气2018新款百搭韩版休闲鞋运动鞋女鞋厚底板鞋女 浅蓝【厚底】 41(String), {"颜色": "金色", "尺码": "41"}(String), 35400(Integer), https://m.360buyimg.com/mobilecms/s720x720_jfs/t1/14147/34/2890/275451/5c225484Ebd346404/e61513be4639ee2e.jpg!q70.jpg.webp(String)
18:57:13:305 DEBUG 15108 --- [http-nio-8080-exec-5] com.hmall.mapper.CartMapper.insert       : <==    Updates: 1
18:57:13:396 DEBUG 15108 --- [http-nio-8080-exec-6] com.hmall.mapper.CartMapper.selectList   : ==>  Preparing: SELECT id,user_id,item_id,num,name,spec,price,image,create_time,update_time FROM cart WHERE (user_id = ?)
18:57:13:396 DEBUG 15108 --- [http-nio-8080-exec-6] com.hmall.mapper.CartMapper.selectList   : ==> Parameters: 1(Long)
18:57:13:402 DEBUG 15108 --- [http-nio-8080-exec-6] com.hmall.mapper.CartMapper.selectList   : <==      Total: 1
18:57:13:407 DEBUG 15108 --- [http-nio-8080-exec-6] c.h.mapper.ItemMapper.selectBatchIds     : ==>  Preparing: SELECT id,name,price,stock,image,category,brand,spec,sold,comment_count,isAD,status,create_time,update_time,creater,updater FROM item WHERE id IN ( ? )
18:57:13:407 DEBUG 15108 --- [http-nio-8080-exec-6] c.h.mapper.ItemMapper.selectBatchIds     : ==> Parameters: 40305713537(Long)
18:57:13:407 DEBUG 15108 --- [http-nio-8080-exec-6] c.h.mapper.ItemMapper.selectBatchIds     : <==      Total: 1
18:57:19:487 DEBUG 15108 --- [http-nio-8080-exec-7] com.hmall.mapper.CartMapper.selectCount  : ==>  Preparing: SELECT COUNT( * ) FROM cart WHERE (user_id = ? AND item_id = ?)
18:57:19:488 DEBUG 15108 --- [http-nio-8080-exec-7] com.hmall.mapper.CartMapper.selectCount  : ==> Parameters: 1(Long), 2120808(Long)
18:57:19:490 DEBUG 15108 --- [http-nio-8080-exec-7] com.hmall.mapper.CartMapper.selectCount  : <==      Total: 1
18:57:19:492 DEBUG 15108 --- [http-nio-8080-exec-7] com.hmall.mapper.CartMapper.selectCount  : ==>  Preparing: SELECT COUNT( * ) FROM cart WHERE (user_id = ?)
18:57:19:493 DEBUG 15108 --- [http-nio-8080-exec-7] com.hmall.mapper.CartMapper.selectCount  : ==> Parameters: 1(Long)
18:57:19:494 DEBUG 15108 --- [http-nio-8080-exec-7] com.hmall.mapper.CartMapper.selectCount  : <==      Total: 1
18:57:19:494 DEBUG 15108 --- [http-nio-8080-exec-7] com.hmall.mapper.CartMapper.insert       : ==>  Preparing: INSERT INTO cart ( user_id, item_id, name, spec, price, image ) VALUES ( ?, ?, ?, ?, ?, ? )
18:57:19:494 DEBUG 15108 --- [http-nio-8080-exec-7] com.hmall.mapper.CartMapper.insert       : ==> Parameters: 1(Long), 2120808(Long), 姬龙雪 guy laroche女包 GL经典手提包女牛皮大容量单肩包女欧美时尚包包女包GS1210001-06杏色(String), {}(String), 71800(Integer), https://m.360buyimg.com/mobilecms/s720x720_jfs/t30694/267/398774087/90954/6fc143cf/5bf25358N14dadbf7.jpg!q70.jpg.webp(String)
18:57:19:503 DEBUG 15108 --- [http-nio-8080-exec-7] com.hmall.mapper.CartMapper.insert       : <==    Updates: 1
18:57:19:572 DEBUG 15108 --- [http-nio-8080-exec-8] com.hmall.mapper.CartMapper.selectList   : ==>  Preparing: SELECT id,user_id,item_id,num,name,spec,price,image,create_time,update_time FROM cart WHERE (user_id = ?)
18:57:19:573 DEBUG 15108 --- [http-nio-8080-exec-8] com.hmall.mapper.CartMapper.selectList   : ==> Parameters: 1(Long)
18:57:19:573 DEBUG 15108 --- [http-nio-8080-exec-8] com.hmall.mapper.CartMapper.selectList   : <==      Total: 2
18:57:19:575 DEBUG 15108 --- [http-nio-8080-exec-8] c.h.mapper.ItemMapper.selectBatchIds     : ==>  Preparing: SELECT id,name,price,stock,image,category,brand,spec,sold,comment_count,isAD,status,create_time,update_time,creater,updater FROM item WHERE id IN ( ? , ? )
18:57:19:576 DEBUG 15108 --- [http-nio-8080-exec-8] c.h.mapper.ItemMapper.selectBatchIds     : ==> Parameters: 40305713537(Long), 2120808(Long)
18:57:19:581 DEBUG 15108 --- [http-nio-8080-exec-8] c.h.mapper.ItemMapper.selectBatchIds     : <==      Total: 2
18:57:27:159 DEBUG 15108 --- [http-nio-8080-exec-9] com.hmall.mapper.CartMapper.selectCount  : ==>  Preparing: SELECT COUNT( * ) FROM cart WHERE (user_id = ? AND item_id = ?)
18:57:27:159 DEBUG 15108 --- [http-nio-8080-exec-9] com.hmall.mapper.CartMapper.selectCount  : ==> Parameters: 1(Long), 100001905417(Long)
18:57:27:159 DEBUG 15108 --- [http-nio-8080-exec-9] com.hmall.mapper.CartMapper.selectCount  : <==      Total: 1
18:57:27:175 DEBUG 15108 --- [http-nio-8080-exec-9] com.hmall.mapper.CartMapper.selectCount  : ==>  Preparing: SELECT COUNT( * ) FROM cart WHERE (user_id = ?)
18:57:27:175 DEBUG 15108 --- [http-nio-8080-exec-9] com.hmall.mapper.CartMapper.selectCount  : ==> Parameters: 1(Long)
18:57:27:175 DEBUG 15108 --- [http-nio-8080-exec-9] com.hmall.mapper.CartMapper.selectCount  : <==      Total: 1
18:57:27:175 DEBUG 15108 --- [http-nio-8080-exec-9] com.hmall.mapper.CartMapper.insert       : ==>  Preparing: INSERT INTO cart ( user_id, item_id, name, spec, price, image ) VALUES ( ?, ?, ?, ?, ?, ? )
18:57:27:175 DEBUG 15108 --- [http-nio-8080-exec-9] com.hmall.mapper.CartMapper.insert       : ==> Parameters: 1(Long), 100001905417(Long), 【千玺代言】华为新品 HUAWEI nova 4 极点全面屏手机 2000万超广角三摄 8GB+128GB 蜜语红 全网通双卡双待(String), {"颜色": "红色"}(String), 224900(Integer), https://m.360buyimg.com/mobilecms/s720x720_jfs/t1/20085/14/1076/149604/5c0f8dd2Ebafd3bfd/0cb34a7826cbe1c3.jpg!q70.jpg.webp(String)
18:57:27:175 DEBUG 15108 --- [http-nio-8080-exec-9] com.hmall.mapper.CartMapper.insert       : <==    Updates: 1
18:57:27:245 DEBUG 15108 --- [http-nio-8080-exec-10] com.hmall.mapper.CartMapper.selectList   : ==>  Preparing: SELECT id,user_id,item_id,num,name,spec,price,image,create_time,update_time FROM cart WHERE (user_id = ?)
18:57:27:246 DEBUG 15108 --- [http-nio-8080-exec-10] com.hmall.mapper.CartMapper.selectList   : ==> Parameters: 1(Long)
18:57:27:249 DEBUG 15108 --- [http-nio-8080-exec-10] com.hmall.mapper.CartMapper.selectList   : <==      Total: 3
18:57:27:251 DEBUG 15108 --- [http-nio-8080-exec-10] c.h.mapper.ItemMapper.selectBatchIds     : ==>  Preparing: SELECT id,name,price,stock,image,category,brand,spec,sold,comment_count,isAD,status,create_time,update_time,creater,updater FROM item WHERE id IN ( ? , ? , ? )
18:57:27:252 DEBUG 15108 --- [http-nio-8080-exec-10] c.h.mapper.ItemMapper.selectBatchIds     : ==> Parameters: 40305713537(Long), 2120808(Long), 100001905417(Long)
18:57:27:254 DEBUG 15108 --- [http-nio-8080-exec-10] c.h.mapper.ItemMapper.selectBatchIds     : <==      Total: 3
18:57:29:116 DEBUG 15108 --- [http-nio-8080-exec-1] com.hmall.mapper.CartMapper.updateById   : ==>  Preparing: UPDATE cart SET num=? WHERE id=?
18:57:29:116 DEBUG 15108 --- [http-nio-8080-exec-1] com.hmall.mapper.CartMapper.updateById   : ==> Parameters: 2(Integer), 13(Long)
18:57:29:131 DEBUG 15108 --- [http-nio-8080-exec-1] com.hmall.mapper.CartMapper.updateById   : <==    Updates: 1
18:57:29:143 DEBUG 15108 --- [http-nio-8080-exec-2] com.hmall.mapper.CartMapper.selectList   : ==>  Preparing: SELECT id,user_id,item_id,num,name,spec,price,image,create_time,update_time FROM cart WHERE (user_id = ?)
18:57:29:143 DEBUG 15108 --- [http-nio-8080-exec-2] com.hmall.mapper.CartMapper.selectList   : ==> Parameters: 1(Long)
18:57:29:146 DEBUG 15108 --- [http-nio-8080-exec-2] com.hmall.mapper.CartMapper.selectList   : <==      Total: 3
18:57:29:147 DEBUG 15108 --- [http-nio-8080-exec-2] c.h.mapper.ItemMapper.selectBatchIds     : ==>  Preparing: SELECT id,name,price,stock,image,category,brand,spec,sold,comment_count,isAD,status,create_time,update_time,creater,updater FROM item WHERE id IN ( ? , ? , ? )
18:57:29:147 DEBUG 15108 --- [http-nio-8080-exec-2] c.h.mapper.ItemMapper.selectBatchIds     : ==> Parameters: 40305713537(Long), 2120808(Long), 100001905417(Long)
18:57:29:150 DEBUG 15108 --- [http-nio-8080-exec-2] c.h.mapper.ItemMapper.selectBatchIds     : <==      Total: 3
18:57:30:415 DEBUG 15108 --- [http-nio-8080-exec-3] c.hmall.mapper.AddressMapper.selectList  : ==>  Preparing: SELECT id,user_id,province,city,town,mobile,street,contact,is_default,notes FROM address WHERE (user_id = ?)
18:57:30:416 DEBUG 15108 --- [http-nio-8080-exec-3] c.hmall.mapper.AddressMapper.selectList  : ==> Parameters: 1(Long)
18:57:30:428 DEBUG 15108 --- [http-nio-8080-exec-3] c.hmall.mapper.AddressMapper.selectList  : <==      Total: 4
18:57:32:738 DEBUG 15108 --- [http-nio-8080-exec-4] c.h.mapper.ItemMapper.selectBatchIds     : ==>  Preparing: SELECT id,name,price,stock,image,category,brand,spec,sold,comment_count,isAD,status,create_time,update_time,creater,updater FROM item WHERE id IN ( ? , ? )
18:57:32:738 DEBUG 15108 --- [http-nio-8080-exec-4] c.h.mapper.ItemMapper.selectBatchIds     : ==> Parameters: 40305713537(Long), 100001905417(Long)
18:57:32:750 DEBUG 15108 --- [http-nio-8080-exec-4] c.h.mapper.ItemMapper.selectBatchIds     : <==      Total: 2
18:57:32:750 DEBUG 15108 --- [http-nio-8080-exec-4] com.hmall.mapper.OrderMapper.insert      : ==>  Preparing: INSERT INTO `order` ( id, total_fee, payment_type, user_id, status ) VALUES ( ?, ?, ?, ?, ? )
18:57:32:750 DEBUG 15108 --- [http-nio-8080-exec-4] com.hmall.mapper.OrderMapper.insert      : ==> Parameters: 2054516388526276609(Long), 295700(Integer), 3(Integer), 1(Long), 1(Integer)
18:57:32:750 DEBUG 15108 --- [http-nio-8080-exec-4] com.hmall.mapper.OrderMapper.insert      : <==    Updates: 1
18:57:32:766 DEBUG 15108 --- [http-nio-8080-exec-4] c.hmall.mapper.OrderDetailMapper.insert  : ==>  Preparing: INSERT INTO order_detail ( order_id, item_id, num, name, spec, price, image ) VALUES ( ?, ?, ?, ?, ?, ?, ? )
18:57:32:766 DEBUG 15108 --- [http-nio-8080-exec-4] c.hmall.mapper.OrderDetailMapper.insert  : ==> Parameters: 2054516388526276609(Long), 40305713537(Long), 2(Integer), 【官方正品 品牌直营】奥古狮登小白鞋女秋季透气2018新款百搭韩版休闲鞋运动鞋女鞋厚底板鞋女 浅蓝【厚底】 41(String), {"颜色": "金色", "尺码": "41"}(String), 35400(Integer), https://m.360buyimg.com/mobilecms/s720x720_jfs/t1/14147/34/2890/275451/5c225484Ebd346404/e61513be4639ee2e.jpg!q70.jpg.webp(String)
18:57:32:766 DEBUG 15108 --- [http-nio-8080-exec-4] c.hmall.mapper.OrderDetailMapper.insert  : ==> Parameters: 2054516388526276609(Long), 100001905417(Long), 1(Integer), 【千玺代言】华为新品 HUAWEI nova 4 极点全面屏手机 2000万超广角三摄 8GB+128GB 蜜语红 全网通双卡双待(String), {"颜色": "红色"}(String), 224900(Integer), https://m.360buyimg.com/mobilecms/s720x720_jfs/t1/20085/14/1076/149604/5c0f8dd2Ebafd3bfd/0cb34a7826cbe1c3.jpg!q70.jpg.webp(String)
18:57:32:800 DEBUG 15108 --- [http-nio-8080-exec-4] com.hmall.mapper.CartMapper.delete       : ==>  Preparing: DELETE FROM cart WHERE (user_id = ? AND item_id IN (?,?))
18:57:32:800 DEBUG 15108 --- [http-nio-8080-exec-4] com.hmall.mapper.CartMapper.delete       : ==> Parameters: 1(Long), 40305713537(Long), 100001905417(Long)
18:57:32:800 DEBUG 15108 --- [http-nio-8080-exec-4] com.hmall.mapper.CartMapper.delete       : <==    Updates: 2
18:57:32:800 DEBUG 15108 --- [http-nio-8080-exec-4] com.hmall.mapper.ItemMapper.updateStock  : ==>  Preparing: UPDATE item SET stock = stock - ? WHERE id = ?
18:57:32:800 DEBUG 15108 --- [http-nio-8080-exec-4] com.hmall.mapper.ItemMapper.updateStock  : ==> Parameters: 2(Integer), 40305713537(Long)
18:57:32:809 DEBUG 15108 --- [http-nio-8080-exec-4] com.hmall.mapper.ItemMapper.updateStock  : ==> Parameters: 1(Integer), 100001905417(Long)
18:57:32:937 DEBUG 15108 --- [http-nio-8080-exec-5] com.hmall.mapper.OrderMapper.selectById  : ==>  Preparing: SELECT id,total_fee,payment_type,user_id,status,create_time,pay_time,consign_time,end_time,close_time,comment_time,update_time FROM `order` WHERE id=?
18:57:32:937 DEBUG 15108 --- [http-nio-8080-exec-5] com.hmall.mapper.OrderMapper.selectById  : ==> Parameters: 2054516388526276609(Long)
18:57:32:938 DEBUG 15108 --- [http-nio-8080-exec-5] com.hmall.mapper.OrderMapper.selectById  : <==      Total: 1
18:57:32:973 DEBUG 15108 --- [http-nio-8080-exec-6] c.hmall.mapper.PayOrderMapper.selectOne  : ==>  Preparing: SELECT id,biz_order_no,pay_order_no,biz_user_id,pay_channel_code,amount,pay_type,status,expand_json,result_code,result_msg,pay_success_time,pay_over_time,qr_code_url,create_time,update_time,creater,updater,is_delete FROM pay_order WHERE (biz_order_no = ?)
18:57:32:973 DEBUG 15108 --- [http-nio-8080-exec-6] c.hmall.mapper.PayOrderMapper.selectOne  : ==> Parameters: 2054516388526276609(Long)
18:57:32:976 DEBUG 15108 --- [http-nio-8080-exec-6] c.hmall.mapper.PayOrderMapper.selectOne  : <==      Total: 0
18:57:32:981 DEBUG 15108 --- [http-nio-8080-exec-6] com.hmall.mapper.PayOrderMapper.insert   : ==>  Preparing: INSERT INTO pay_order ( id, biz_order_no, pay_order_no, biz_user_id, pay_channel_code, amount, pay_type, status, pay_over_time ) VALUES ( ?, ?, ?, ?, ?, ?, ?, ?, ? )
18:57:32:995 DEBUG 15108 --- [http-nio-8080-exec-6] com.hmall.mapper.PayOrderMapper.insert   : ==> Parameters: 2054516389449023491(Long), 2054516388526276609(Long), 2054516389449023490(Long), 1(Long), balance(String), 295700(Integer), 5(Integer), 1(Integer), 2026-05-13T20:57:32.977627800(LocalDateTime)
18:57:32:999 DEBUG 15108 --- [http-nio-8080-exec-6] com.hmall.mapper.PayOrderMapper.insert   : <==    Updates: 1
18:57:36:129 DEBUG 15108 --- [http-nio-8080-exec-7] c.h.mapper.PayOrderMapper.selectById     : ==>  Preparing: SELECT id,biz_order_no,pay_order_no,biz_user_id,pay_channel_code,amount,pay_type,status,expand_json,result_code,result_msg,pay_success_time,pay_over_time,qr_code_url,create_time,update_time,creater,updater,is_delete FROM pay_order WHERE id=?
18:57:36:130 DEBUG 15108 --- [http-nio-8080-exec-7] c.h.mapper.PayOrderMapper.selectById     : ==> Parameters: 2054516389449023491(Long)
18:57:36:133 DEBUG 15108 --- [http-nio-8080-exec-7] c.h.mapper.PayOrderMapper.selectById     : <==      Total: 1
18:57:36:133  INFO 15108 --- [http-nio-8080-exec-7] com.hmall.service.impl.UserServiceImpl   : 开始扣款
18:57:36:134 DEBUG 15108 --- [http-nio-8080-exec-7] com.hmall.mapper.UserMapper.selectById   : ==>  Preparing: SELECT id,username,password,phone,create_time,update_time,status,balance FROM user WHERE id=?
18:57:36:135 DEBUG 15108 --- [http-nio-8080-exec-7] com.hmall.mapper.UserMapper.selectById   : ==> Parameters: 1(Long)
18:57:36:138 DEBUG 15108 --- [http-nio-8080-exec-7] com.hmall.mapper.UserMapper.selectById   : <==      Total: 1
18:57:36:297 DEBUG 15108 --- [http-nio-8080-exec-7] com.hmall.mapper.UserMapper.updateMoney  : ==>  Preparing: update user set balance = balance - 295700 where id = ?
18:57:36:308 DEBUG 15108 --- [http-nio-8080-exec-7] com.hmall.mapper.UserMapper.updateMoney  : ==> Parameters: 1(Long)
18:57:36:313 DEBUG 15108 --- [http-nio-8080-exec-7] com.hmall.mapper.UserMapper.updateMoney  : <==    Updates: 1
18:57:36:313  INFO 15108 --- [http-nio-8080-exec-7] com.hmall.service.impl.UserServiceImpl   : 扣款成功
18:57:36:317 DEBUG 15108 --- [http-nio-8080-exec-7] com.hmall.mapper.PayOrderMapper.update   : ==>  Preparing: UPDATE pay_order SET status=?,pay_success_time=? WHERE (id = ? AND status IN (?,?))
18:57:36:318 DEBUG 15108 --- [http-nio-8080-exec-7] com.hmall.mapper.PayOrderMapper.update   : ==> Parameters: 3(Integer), 2026-05-13T18:57:36.313426(LocalDateTime), 2054516389449023491(Long), 0(Integer), 1(Integer)
18:57:36:321 DEBUG 15108 --- [http-nio-8080-exec-7] com.hmall.mapper.PayOrderMapper.update   : <==    Updates: 1
18:57:36:324 DEBUG 15108 --- [http-nio-8080-exec-7] com.hmall.mapper.OrderMapper.updateById  : ==>  Preparing: UPDATE `order` SET status=?, pay_time=? WHERE id=?
18:57:36:324 DEBUG 15108 --- [http-nio-8080-exec-7] com.hmall.mapper.OrderMapper.updateById  : ==> Parameters: 2(Integer), 2026-05-13T18:57:36.321759900(LocalDateTime), 2054516388526276609(Long)
18:57:36:327 DEBUG 15108 --- [http-nio-8080-exec-7] com.hmall.mapper.OrderMapper.updateById  : <==    Updates: 1
18:57:36:426 DEBUG 15108 --- [http-nio-8080-exec-8] com.hmall.mapper.OrderMapper.selectById  : ==>  Preparing: SELECT id,total_fee,payment_type,user_id,status,create_time,pay_time,consign_time,end_time,close_time,comment_time,update_time FROM `order` WHERE id=?
18:57:36:426 DEBUG 15108 --- [http-nio-8080-exec-8] com.hmall.mapper.OrderMapper.selectById  : ==> Parameters: 2054516388526276609(Long)
18:57:36:428 DEBUG 15108 --- [http-nio-8080-exec-8] com.hmall.mapper.OrderMapper.selectById  : <==      Total: 1
18:58:17:596  INFO 15108 --- [SpringApplicationShutdownHook] com.zaxxer.hikari.HikariDataSource       : HikariPool-1 - Shutdown initiated...
18:58:17:606  INFO 15108 --- [SpringApplicationShutdownHook] com.zaxxer.hikari.HikariDataSource       : HikariPool-1 - Shutdown completed.
