14:56:29:750  INFO 33664 --- [main] com.hmall.item.ItemApplication           : Starting ItemApplication using Java 11.0.31 on ChiYu with PID 33664 (D:\develop\hmall\item-service\target\classes started by chiyu in D:\develop\hmall)
14:56:29:753 DEBUG 33664 --- [main] com.hmall.item.ItemApplication           : Running with Spring Boot v2.7.12, Spring v5.3.27
14:56:29:753  INFO 33664 --- [main] com.hmall.item.ItemApplication           : The following 1 profile is active: "dev"
14:56:30:312  INFO 33664 --- [main] o.s.cloud.context.scope.GenericScope     : BeanFactory id=ddd498ca-47db-3ed1-9eea-c4281eb7d057
14:56:30:487  INFO 33664 --- [main] o.s.b.w.embedded.tomcat.TomcatWebServer  : Tomcat initialized with port(s): 8081 (http)
14:56:30:492  INFO 33664 --- [main] o.apache.catalina.core.StandardService   : Starting service [Tomcat]
14:56:30:492  INFO 33664 --- [main] org.apache.catalina.core.StandardEngine  : Starting Servlet engine: [Apache Tomcat/9.0.75]
14:56:30:604  INFO 33664 --- [main] o.a.c.c.C.[Tomcat].[localhost].[/]       : Initializing Spring embedded WebApplicationContext
14:56:30:604  INFO 33664 --- [main] w.s.c.ServletWebServerApplicationContext : Root WebApplicationContext: initialization completed in 812 ms
14:56:33:908  INFO 33664 --- [main] pertySourcedRequestMappingHandlerMapping : Mapped URL path [/v2/api-docs] onto method [springfox.documentation.swagger2.web.Swagger2ControllerWebMvc#getDocumentation(String, HttpServletRequest)]
14:56:34:505  INFO 33664 --- [main] com.alibaba.nacos.common.remote.client   : [RpcClientFactory] create a new rpc client of dc8dfa42-3d58-49a2-a81b-6cf5e1ab0410
14:56:34:524  INFO 33664 --- [main] org.reflections.Reflections              : Reflections took 10 ms to scan 1 urls, producing 3 keys and 6 values 
14:56:34:536  INFO 33664 --- [main] org.reflections.Reflections              : Reflections took 6 ms to scan 1 urls, producing 4 keys and 9 values 
14:56:34:543  INFO 33664 --- [main] org.reflections.Reflections              : Reflections took 5 ms to scan 1 urls, producing 3 keys and 10 values 
14:56:34:544  WARN 33664 --- [main] org.reflections.Reflections              : given scan urls are empty. set urls in the configuration
14:56:34:549  INFO 33664 --- [main] org.reflections.Reflections              : Reflections took 5 ms to scan 1 urls, producing 1 keys and 5 values 
14:56:34:555  INFO 33664 --- [main] org.reflections.Reflections              : Reflections took 5 ms to scan 1 urls, producing 1 keys and 7 values 
14:56:34:561  INFO 33664 --- [main] org.reflections.Reflections              : Reflections took 5 ms to scan 1 urls, producing 2 keys and 8 values 
14:56:34:562  WARN 33664 --- [main] org.reflections.Reflections              : given scan urls are empty. set urls in the configuration
14:56:34:563  INFO 33664 --- [main] com.alibaba.nacos.common.remote.client   : [dc8dfa42-3d58-49a2-a81b-6cf5e1ab0410] RpcClient init label, labels = {module=naming, source=sdk}
14:56:34:563  INFO 33664 --- [main] com.alibaba.nacos.common.remote.client   : [dc8dfa42-3d58-49a2-a81b-6cf5e1ab0410] RpcClient init, ServerListFactory = com.alibaba.nacos.client.naming.core.ServerListManager
14:56:34:563  INFO 33664 --- [main] com.alibaba.nacos.common.remote.client   : [dc8dfa42-3d58-49a2-a81b-6cf5e1ab0410] Registry connection listener to current client:com.alibaba.nacos.client.naming.remote.gprc.redo.NamingGrpcRedoService
14:56:34:564  INFO 33664 --- [main] com.alibaba.nacos.common.remote.client   : [dc8dfa42-3d58-49a2-a81b-6cf5e1ab0410] Register server push request handler:com.alibaba.nacos.client.naming.remote.gprc.NamingPushRequestHandler
14:56:34:565  INFO 33664 --- [main] com.alibaba.nacos.common.remote.client   : [dc8dfa42-3d58-49a2-a81b-6cf5e1ab0410] Try to connect to server on start up, server: {serverIp = '127.0.0.1', server main port = 8848}
14:56:36:193  INFO 33664 --- [main] com.alibaba.nacos.common.remote.client   : [dc8dfa42-3d58-49a2-a81b-6cf5e1ab0410] Success to connect to server [127.0.0.1:8848] on start up, connectionId = 1779000996033_127.0.0.1_6534
14:56:36:194  INFO 33664 --- [main] com.alibaba.nacos.common.remote.client   : [dc8dfa42-3d58-49a2-a81b-6cf5e1ab0410] Register server push request handler:com.alibaba.nacos.common.remote.client.RpcClient$ConnectResetRequestHandler
14:56:36:193  INFO 33664 --- [com.alibaba.nacos.client.remote.worker] com.alibaba.nacos.common.remote.client   : [dc8dfa42-3d58-49a2-a81b-6cf5e1ab0410] Notify connected event to listeners.
14:56:36:194  INFO 33664 --- [main] com.alibaba.nacos.common.remote.client   : [dc8dfa42-3d58-49a2-a81b-6cf5e1ab0410] Register server push request handler:com.alibaba.nacos.common.remote.client.RpcClient$$Lambda$903/0x000000084063fc40
14:56:36:267  INFO 33664 --- [main] o.s.b.w.embedded.tomcat.TomcatWebServer  : Tomcat started on port(s): 8081 (http) with context path ''
14:56:36:276  INFO 33664 --- [main] c.a.c.n.registry.NacosServiceRegistry    : nacos registry, DEFAULT_GROUP item-service 192.168.6.224:8081 register finished
14:56:36:736  INFO 33664 --- [nacos-grpc-client-executor-8] com.alibaba.nacos.common.remote.client   : [dc8dfa42-3d58-49a2-a81b-6cf5e1ab0410] Receive server push request, request = NotifySubscriberRequest, requestId = 5
14:56:36:740  INFO 33664 --- [nacos-grpc-client-executor-8] com.alibaba.nacos.common.remote.client   : [dc8dfa42-3d58-49a2-a81b-6cf5e1ab0410] Ack server push request, request = NotifySubscriberRequest, requestId = 5
14:56:36:809  INFO 33664 --- [main] d.s.w.p.DocumentationPluginsBootstrapper : Documentation plugins bootstrapped
14:56:36:811  INFO 33664 --- [main] d.s.w.p.DocumentationPluginsBootstrapper : Found 1 custom documentation plugin(s)
14:56:36:825  INFO 33664 --- [main] s.d.s.w.s.ApiListingReferenceScanner     : Scanning for api listing references
14:56:36:891  INFO 33664 --- [main] com.hmall.item.ItemApplication           : Started ItemApplication in 8.201 seconds (JVM running for 9.148)
14:56:45:988  INFO 33664 --- [http-nio-8081-exec-1] o.a.c.c.C.[Tomcat].[localhost].[/]       : Initializing Spring DispatcherServlet 'dispatcherServlet'
14:56:45:991  INFO 33664 --- [http-nio-8081-exec-1] o.s.web.servlet.DispatcherServlet        : Initializing Servlet 'dispatcherServlet'
14:56:45:994  INFO 33664 --- [http-nio-8081-exec-1] o.s.web.servlet.DispatcherServlet        : Completed initialization in 2 ms
14:56:46:194  INFO 33664 --- [http-nio-8081-exec-1] com.zaxxer.hikari.HikariDataSource       : HikariPool-1 - Starting...
14:56:46:610  INFO 33664 --- [http-nio-8081-exec-1] com.zaxxer.hikari.HikariDataSource       : HikariPool-1 - Start completed.
14:56:46:620 DEBUG 33664 --- [http-nio-8081-exec-1] c.h.i.m.ItemMapper.selectPage_mpCount    : ==>  Preparing: SELECT COUNT(*) FROM item
14:56:46:645 DEBUG 33664 --- [http-nio-8081-exec-1] c.h.i.m.ItemMapper.selectPage_mpCount    : ==> Parameters: 
14:56:46:978 DEBUG 33664 --- [http-nio-8081-exec-1] c.h.i.m.ItemMapper.selectPage_mpCount    : <==      Total: 1
14:56:47:001 DEBUG 33664 --- [http-nio-8081-exec-1] c.h.item.mapper.ItemMapper.selectPage    : ==>  Preparing: SELECT id, name, price, stock, image, category, brand, spec, sold, comment_count, isAD, status, create_time, update_time, creater, updater FROM item ORDER BY update_time DESC LIMIT ?
14:56:47:003 DEBUG 33664 --- [http-nio-8081-exec-1] c.h.item.mapper.ItemMapper.selectPage    : ==> Parameters: 20(Long)
14:56:47:025 DEBUG 33664 --- [http-nio-8081-exec-1] c.h.item.mapper.ItemMapper.selectPage    : <==      Total: 20
