15:18:37:680  INFO 94960 --- [main] com.hmall.user.UserApplication           : The following 1 profile is active: "dev"
15:18:38:165 ERROR 94960 --- [main] o.s.boot.SpringApplication               : Application run failed

java.lang.IllegalStateException: Error processing condition on com.hmall.common.config.MyBatisConfig.mybatisPlusInterceptor
	at org.springframework.boot.autoconfigure.condition.SpringBootCondition.matches(SpringBootCondition.java:60) ~[spring-boot-autoconfigure-2.7.12.jar:2.7.12]
	at org.springframework.context.annotation.ConditionEvaluator.shouldSkip(ConditionEvaluator.java:108) ~[spring-context-5.3.27.jar:5.3.27]
	at org.springframework.context.annotation.ConfigurationClassBeanDefinitionReader.loadBeanDefinitionsForBeanMethod(ConfigurationClassBeanDefinitionReader.java:193) ~[spring-context-5.3.27.jar:5.3.27]
	at org.springframework.context.annotation.ConfigurationClassBeanDefinitionReader.loadBeanDefinitionsForConfigurationClass(ConfigurationClassBeanDefinitionReader.java:153) ~[spring-context-5.3.27.jar:5.3.27]
	at org.springframework.context.annotation.ConfigurationClassBeanDefinitionReader.loadBeanDefinitions(ConfigurationClassBeanDefinitionReader.java:129) ~[spring-context-5.3.27.jar:5.3.27]
	at org.springframework.context.annotation.ConfigurationClassPostProcessor.processConfigBeanDefinitions(ConfigurationClassPostProcessor.java:343) ~[spring-context-5.3.27.jar:5.3.27]
	at org.springframework.context.annotation.ConfigurationClassPostProcessor.postProcessBeanDefinitionRegistry(ConfigurationClassPostProcessor.java:247) ~[spring-context-5.3.27.jar:5.3.27]
	at org.springframework.context.support.PostProcessorRegistrationDelegate.invokeBeanDefinitionRegistryPostProcessors(PostProcessorRegistrationDelegate.java:311) ~[spring-context-5.3.27.jar:5.3.27]
	at org.springframework.context.support.PostProcessorRegistrationDelegate.invokeBeanFactoryPostProcessors(PostProcessorRegistrationDelegate.java:112) ~[spring-context-5.3.27.jar:5.3.27]
	at org.springframework.context.support.AbstractApplicationContext.invokeBeanFactoryPostProcessors(AbstractApplicationContext.java:748) ~[spring-context-5.3.27.jar:5.3.27]
	at org.springframework.context.support.AbstractApplicationContext.refresh(AbstractApplicationContext.java:564) ~[spring-context-5.3.27.jar:5.3.27]
	at org.springframework.boot.web.servlet.context.ServletWebServerApplicationContext.refresh(ServletWebServerApplicationContext.java:147) ~[spring-boot-2.7.12.jar:2.7.12]
	at org.springframework.boot.SpringApplication.refresh(SpringApplication.java:731) ~[spring-boot-2.7.12.jar:2.7.12]
	at org.springframework.boot.SpringApplication.refreshContext(SpringApplication.java:408) ~[spring-boot-2.7.12.jar:2.7.12]
	at org.springframework.boot.SpringApplication.run(SpringApplication.java:307) ~[spring-boot-2.7.12.jar:2.7.12]
	at org.springframework.boot.SpringApplication.run(SpringApplication.java:1303) ~[spring-boot-2.7.12.jar:2.7.12]
	at org.springframework.boot.SpringApplication.run(SpringApplication.java:1292) ~[spring-boot-2.7.12.jar:2.7.12]
	at com.hmall.user.UserApplication.main(UserApplication.java:14) ~[classes/:na]
Caused by: java.lang.IllegalStateException: Failed to introspect Class [com.hmall.common.config.MqConfig] from ClassLoader [jdk.internal.loader.ClassLoaders$AppClassLoader@76ed5528]
	at org.springframework.util.ReflectionUtils.getDeclaredMethods(ReflectionUtils.java:485) ~[spring-core-5.3.27.jar:5.3.27]
	at org.springframework.util.ReflectionUtils.doWithMethods(ReflectionUtils.java:361) ~[spring-core-5.3.27.jar:5.3.27]
	at org.springframework.util.ReflectionUtils.getUniqueDeclaredMethods(ReflectionUtils.java:418) ~[spring-core-5.3.27.jar:5.3.27]
	at org.springframework.beans.factory.support.AbstractAutowireCapableBeanFactory.lambda$getTypeForFactoryMethod$2(AbstractAutowireCapableBeanFactory.java:765) ~[spring-beans-5.3.27.jar:5.3.27]
	at java.base/java.util.concurrent.ConcurrentHashMap.computeIfAbsent(ConcurrentHashMap.java:1737) ~[na:na]
	at org.springframework.beans.factory.support.AbstractAutowireCapableBeanFactory.getTypeForFactoryMethod(AbstractAutowireCapableBeanFactory.java:764) ~[spring-beans-5.3.27.jar:5.3.27]
	at org.springframework.beans.factory.support.AbstractAutowireCapableBeanFactory.determineTargetType(AbstractAutowireCapableBeanFactory.java:703) ~[spring-beans-5.3.27.jar:5.3.27]
	at org.springframework.beans.factory.support.AbstractAutowireCapableBeanFactory.predictBeanType(AbstractAutowireCapableBeanFactory.java:674) ~[spring-beans-5.3.27.jar:5.3.27]
	at org.springframework.beans.factory.support.AbstractBeanFactory.isFactoryBean(AbstractBeanFactory.java:1684) ~[spring-beans-5.3.27.jar:5.3.27]
	at org.springframework.beans.factory.support.DefaultListableBeanFactory.doGetBeanNamesForType(DefaultListableBeanFactory.java:570) ~[spring-beans-5.3.27.jar:5.3.27]
	at org.springframework.beans.factory.support.DefaultListableBeanFactory.getBeanNamesForType(DefaultListableBeanFactory.java:542) ~[spring-beans-5.3.27.jar:5.3.27]
	at org.springframework.boot.autoconfigure.condition.OnBeanCondition.collectBeanNamesForType(OnBeanCondition.java:246) ~[spring-boot-autoconfigure-2.7.12.jar:2.7.12]
	at org.springframework.boot.autoconfigure.condition.OnBeanCondition.getBeanNamesForType(OnBeanCondition.java:239) ~[spring-boot-autoconfigure-2.7.12.jar:2.7.12]
	at org.springframework.boot.autoconfigure.condition.OnBeanCondition.getBeanNamesForType(OnBeanCondition.java:229) ~[spring-boot-autoconfigure-2.7.12.jar:2.7.12]
	at org.springframework.boot.autoconfigure.condition.OnBeanCondition.getMatchingBeans(OnBeanCondition.java:182) ~[spring-boot-autoconfigure-2.7.12.jar:2.7.12]
	at org.springframework.boot.autoconfigure.condition.OnBeanCondition.getMatchOutcome(OnBeanCondition.java:157) ~[spring-boot-autoconfigure-2.7.12.jar:2.7.12]
	at org.springframework.boot.autoconfigure.condition.SpringBootCondition.matches(SpringBootCondition.java:47) ~[spring-boot-autoconfigure-2.7.12.jar:2.7.12]
	... 17 common frames omitted
Caused by: java.lang.NoClassDefFoundError: org/springframework/amqp/support/converter/MessageConverter
	at java.base/java.lang.Class.getDeclaredMethods0(Native Method) ~[na:na]
	at java.base/java.lang.Class.privateGetDeclaredMethods(Class.java:3166) ~[na:na]
	at java.base/java.lang.Class.getDeclaredMethods(Class.java:2309) ~[na:na]
	at org.springframework.util.ReflectionUtils.getDeclaredMethods(ReflectionUtils.java:467) ~[spring-core-5.3.27.jar:5.3.27]
	... 33 common frames omitted
Caused by: java.lang.ClassNotFoundException: org.springframework.amqp.support.converter.MessageConverter
	at java.base/jdk.internal.loader.BuiltinClassLoader.loadClass(BuiltinClassLoader.java:581) ~[na:na]
	at java.base/jdk.internal.loader.ClassLoaders$AppClassLoader.loadClass(ClassLoaders.java:178) ~[na:na]
	at java.base/java.lang.ClassLoader.loadClass(ClassLoader.java:527) ~[na:na]
	... 37 common frames omitted

15:18:38:170  WARN 94960 --- [main] o.s.boot.SpringApplication               : Unable to close ApplicationContext

java.lang.IllegalStateException: Failed to introspect Class [com.hmall.common.config.MqConfig] from ClassLoader [jdk.internal.loader.ClassLoaders$AppClassLoader@76ed5528]
	at org.springframework.util.ReflectionUtils.getDeclaredMethods(ReflectionUtils.java:485) ~[spring-core-5.3.27.jar:5.3.27]
	at org.springframework.util.ReflectionUtils.doWithMethods(ReflectionUtils.java:361) ~[spring-core-5.3.27.jar:5.3.27]
	at org.springframework.util.ReflectionUtils.getUniqueDeclaredMethods(ReflectionUtils.java:418) ~[spring-core-5.3.27.jar:5.3.27]
	at org.springframework.beans.factory.support.AbstractAutowireCapableBeanFactory.lambda$getTypeForFactoryMethod$2(AbstractAutowireCapableBeanFactory.java:765) ~[spring-beans-5.3.27.jar:5.3.27]
	at java.base/java.util.concurrent.ConcurrentHashMap.computeIfAbsent(ConcurrentHashMap.java:1737) ~[na:na]
	at org.springframework.beans.factory.support.AbstractAutowireCapableBeanFactory.getTypeForFactoryMethod(AbstractAutowireCapableBeanFactory.java:764) ~[spring-beans-5.3.27.jar:5.3.27]
	at org.springframework.beans.factory.support.AbstractAutowireCapableBeanFactory.determineTargetType(AbstractAutowireCapableBeanFactory.java:703) ~[spring-beans-5.3.27.jar:5.3.27]
	at org.springframework.beans.factory.support.AbstractAutowireCapableBeanFactory.predictBeanType(AbstractAutowireCapableBeanFactory.java:674) ~[spring-beans-5.3.27.jar:5.3.27]
	at org.springframework.beans.factory.support.AbstractBeanFactory.isFactoryBean(AbstractBeanFactory.java:1684) ~[spring-beans-5.3.27.jar:5.3.27]
	at org.springframework.beans.factory.support.DefaultListableBeanFactory.doGetBeanNamesForType(DefaultListableBeanFactory.java:570) ~[spring-beans-5.3.27.jar:5.3.27]
	at org.springframework.beans.factory.support.DefaultListableBeanFactory.getBeanNamesForType(DefaultListableBeanFactory.java:542) ~[spring-beans-5.3.27.jar:5.3.27]
	at org.springframework.beans.factory.support.DefaultListableBeanFactory.getBeansOfType(DefaultListableBeanFactory.java:669) ~[spring-beans-5.3.27.jar:5.3.27]
	at org.springframework.beans.factory.support.DefaultListableBeanFactory.getBeansOfType(DefaultListableBeanFactory.java:661) ~[spring-beans-5.3.27.jar:5.3.27]
	at org.springframework.context.support.AbstractApplicationContext.getBeansOfType(AbstractApplicationContext.java:1302) ~[spring-context-5.3.27.jar:5.3.27]
	at org.springframework.boot.SpringApplication.getExitCodeFromMappedException(SpringApplication.java:864) ~[spring-boot-2.7.12.jar:2.7.12]
	at org.springframework.boot.SpringApplication.getExitCodeFromException(SpringApplication.java:852) ~[spring-boot-2.7.12.jar:2.7.12]
	at org.springframework.boot.SpringApplication.handleExitCode(SpringApplication.java:839) ~[spring-boot-2.7.12.jar:2.7.12]
	at org.springframework.boot.SpringApplication.handleRunFailure(SpringApplication.java:779) ~[spring-boot-2.7.12.jar:2.7.12]
	at org.springframework.boot.SpringApplication.run(SpringApplication.java:317) ~[spring-boot-2.7.12.jar:2.7.12]
	at org.springframework.boot.SpringApplication.run(SpringApplication.java:1303) ~[spring-boot-2.7.12.jar:2.7.12]
	at org.springframework.boot.SpringApplication.run(SpringApplication.java:1292) ~[spring-boot-2.7.12.jar:2.7.12]
	at com.hmall.user.UserApplication.main(UserApplication.java:14) ~[classes/:na]
Caused by: java.lang.NoClassDefFoundError: org/springframework/amqp/support/converter/MessageConverter
	at java.base/java.lang.Class.getDeclaredMethods0(Native Method) ~[na:na]
	at java.base/java.lang.Class.privateGetDeclaredMethods(Class.java:3166) ~[na:na]
	at java.base/java.lang.Class.getDeclaredMethods(Class.java:2309) ~[na:na]
	at org.springframework.util.ReflectionUtils.getDeclaredMethods(ReflectionUtils.java:467) ~[spring-core-5.3.27.jar:5.3.27]
	... 21 common frames omitted
Caused by: java.lang.ClassNotFoundException: org.springframework.amqp.support.converter.MessageConverter
	at java.base/jdk.internal.loader.BuiltinClassLoader.loadClass(BuiltinClassLoader.java:581) ~[na:na]
	at java.base/jdk.internal.loader.ClassLoaders$AppClassLoader.loadClass(ClassLoaders.java:178) ~[na:na]
	at java.base/java.lang.ClassLoader.loadClass(ClassLoader.java:527) ~[na:na]
	... 25 common frames omitted

15:18:38:171  WARN 94960 --- [Thread-5] c.a.nacos.common.notify.NotifyCenter     : [NotifyCenter] Start destroying Publisher
15:18:38:173  WARN 94960 --- [Thread-1] c.a.n.common.http.HttpClientBeanHolder   : [HttpClientBeanHolder] Start destroying common HttpClient
15:18:38:173  WARN 94960 --- [Thread-5] c.a.nacos.common.notify.NotifyCenter     : [NotifyCenter] Destruction of the end
15:18:38:173  WARN 94960 --- [Thread-1] c.a.n.common.http.HttpClientBeanHolder   : [HttpClientBeanHolder] Destruction of the end
15:20:29:662  INFO 95344 --- [main] com.hmall.user.UserApplication           : The following 1 profile is active: "dev"
15:20:30:181  INFO 95344 --- [main] .s.d.r.c.RepositoryConfigurationDelegate : Multiple Spring Data modules found, entering strict repository configuration mode
15:20:30:183  INFO 95344 --- [main] .s.d.r.c.RepositoryConfigurationDelegate : Bootstrapping Spring Data Redis repositories in DEFAULT mode.
15:20:30:200  INFO 95344 --- [main] .s.d.r.c.RepositoryConfigurationDelegate : Finished Spring Data repository scanning in 6 ms. Found 0 Redis repository interfaces.
15:20:30:354  INFO 95344 --- [main] o.s.cloud.context.scope.GenericScope     : BeanFactory id=c410e3d8-7e82-3afe-b254-8d88cc627e0d
15:20:30:390  INFO 95344 --- [main] trationDelegate$BeanPostProcessorChecker : Bean 'io.seata.spring.boot.autoconfigure.SeataCoreAutoConfiguration' of type [io.seata.spring.boot.autoconfigure.SeataCoreAutoConfiguration] is not eligible for getting processed by all BeanPostProcessors (for example: not eligible for auto-proxying)
15:20:30:390  INFO 95344 --- [main] trationDelegate$BeanPostProcessorChecker : Bean 'springApplicationContextProvider' of type [io.seata.spring.boot.autoconfigure.provider.SpringApplicationContextProvider] is not eligible for getting processed by all BeanPostProcessors (for example: not eligible for auto-proxying)
15:20:30:390  INFO 95344 --- [main] trationDelegate$BeanPostProcessorChecker : Bean 'io.seata.spring.boot.autoconfigure.SeataAutoConfiguration' of type [io.seata.spring.boot.autoconfigure.SeataAutoConfiguration] is not eligible for getting processed by all BeanPostProcessors (for example: not eligible for auto-proxying)
15:20:30:404  INFO 95344 --- [main] trationDelegate$BeanPostProcessorChecker : Bean 'failureHandler' of type [io.seata.tm.api.DefaultFailureHandlerImpl] is not eligible for getting processed by all BeanPostProcessors (for example: not eligible for auto-proxying)
15:20:30:406  INFO 95344 --- [main] trationDelegate$BeanPostProcessorChecker : Bean 'org.springframework.cloud.commons.config.CommonsConfigAutoConfiguration' of type [org.springframework.cloud.commons.config.CommonsConfigAutoConfiguration] is not eligible for getting processed by all BeanPostProcessors (for example: not eligible for auto-proxying)
15:20:30:407  INFO 95344 --- [main] trationDelegate$BeanPostProcessorChecker : Bean 'org.springframework.cloud.client.loadbalancer.LoadBalancerDefaultMappingsProviderAutoConfiguration' of type [org.springframework.cloud.client.loadbalancer.LoadBalancerDefaultMappingsProviderAutoConfiguration] is not eligible for getting processed by all BeanPostProcessors (for example: not eligible for auto-proxying)
15:20:30:407  INFO 95344 --- [main] trationDelegate$BeanPostProcessorChecker : Bean 'loadBalancerClientsDefaultsMappingsProvider' of type [org.springframework.cloud.client.loadbalancer.LoadBalancerDefaultMappingsProviderAutoConfiguration$$Lambda$593/0x00000008405f0440] is not eligible for getting processed by all BeanPostProcessors (for example: not eligible for auto-proxying)
15:20:30:407  INFO 95344 --- [main] trationDelegate$BeanPostProcessorChecker : Bean 'defaultsBindHandlerAdvisor' of type [org.springframework.cloud.commons.config.DefaultsBindHandlerAdvisor] is not eligible for getting processed by all BeanPostProcessors (for example: not eligible for auto-proxying)
15:20:30:409  INFO 95344 --- [main] trationDelegate$BeanPostProcessorChecker : Bean 'springCloudAlibabaConfiguration' of type [io.seata.spring.boot.autoconfigure.properties.SpringCloudAlibabaConfiguration] is not eligible for getting processed by all BeanPostProcessors (for example: not eligible for auto-proxying)
15:20:30:410  INFO 95344 --- [main] trationDelegate$BeanPostProcessorChecker : Bean 'seataProperties' of type [io.seata.spring.boot.autoconfigure.properties.SeataProperties] is not eligible for getting processed by all BeanPostProcessors (for example: not eligible for auto-proxying)
15:20:30:411  INFO 95344 --- [main] i.s.s.b.a.SeataAutoConfiguration         : Automatically configure Seata
15:20:30:437  INFO 95344 --- [main] io.seata.config.ConfigurationFactory     : load Configuration from :Spring Configuration
15:20:30:439  INFO 95344 --- [main] io.seata.config.ConfigurationFactory     : load Configuration from :Spring Configuration
15:20:30:466  INFO 95344 --- [main] i.s.s.a.GlobalTransactionScanner         : Initializing Global Transaction Clients ... 
15:20:30:508  INFO 95344 --- [main] i.s.core.rpc.netty.NettyClientBootstrap  : NettyClientBootstrap has started
15:20:30:607  INFO 95344 --- [main] com.alibaba.nacos.common.remote.client   : [RpcClientFactory] create a new rpc client of d61bd952-3d59-472b-ad4f-fa3a1560dbbf
15:20:30:607  INFO 95344 --- [main] com.alibaba.nacos.common.remote.client   : [d61bd952-3d59-472b-ad4f-fa3a1560dbbf] RpcClient init label, labels = {module=naming, source=sdk}
15:20:30:608  INFO 95344 --- [main] com.alibaba.nacos.common.remote.client   : [d61bd952-3d59-472b-ad4f-fa3a1560dbbf] RpcClient init, ServerListFactory = com.alibaba.nacos.client.naming.core.ServerListManager
15:20:30:608  INFO 95344 --- [main] com.alibaba.nacos.common.remote.client   : [d61bd952-3d59-472b-ad4f-fa3a1560dbbf] Registry connection listener to current client:com.alibaba.nacos.client.naming.remote.gprc.redo.NamingGrpcRedoService
15:20:30:608  INFO 95344 --- [main] com.alibaba.nacos.common.remote.client   : [d61bd952-3d59-472b-ad4f-fa3a1560dbbf] Register server push request handler:com.alibaba.nacos.client.naming.remote.gprc.NamingPushRequestHandler
15:20:30:609  INFO 95344 --- [main] com.alibaba.nacos.common.remote.client   : [d61bd952-3d59-472b-ad4f-fa3a1560dbbf] Try to connect to server on start up, server: {serverIp = '127.0.0.1', server main port = 8848}
15:20:30:730  INFO 95344 --- [main] com.alibaba.nacos.common.remote.client   : [d61bd952-3d59-472b-ad4f-fa3a1560dbbf] Success to connect to server [127.0.0.1:8848] on start up, connectionId = 1779780030616_127.0.0.1_1503
15:20:30:730  INFO 95344 --- [main] com.alibaba.nacos.common.remote.client   : [d61bd952-3d59-472b-ad4f-fa3a1560dbbf] Register server push request handler:com.alibaba.nacos.common.remote.client.RpcClient$ConnectResetRequestHandler
15:20:30:730  INFO 95344 --- [main] com.alibaba.nacos.common.remote.client   : [d61bd952-3d59-472b-ad4f-fa3a1560dbbf] Register server push request handler:com.alibaba.nacos.common.remote.client.RpcClient$$Lambda$472/0x00000008403d7c40
15:20:30:730  INFO 95344 --- [com.alibaba.nacos.client.remote.worker] com.alibaba.nacos.common.remote.client   : [d61bd952-3d59-472b-ad4f-fa3a1560dbbf] Notify connected event to listeners.
15:20:30:749 ERROR 95344 --- [main] i.s.c.r.netty.NettyClientChannelManager  : no available service found in cluster 'default', please make sure registry config correct and keep your seata server running
15:20:30:749  INFO 95344 --- [main] i.s.s.a.GlobalTransactionScanner         : Transaction Manager Client is initialized. applicationId[user-service] txServiceGroup[hmall]
15:20:30:753  INFO 95344 --- [main] io.seata.rm.datasource.AsyncWorker       : Async Commit Buffer Limit: 10000
15:20:30:754  INFO 95344 --- [main] i.s.rm.datasource.xa.ResourceManagerXA   : ResourceManagerXA init ...
15:20:30:760  INFO 95344 --- [main] i.s.core.rpc.netty.NettyClientBootstrap  : NettyClientBootstrap has started
15:20:30:760  INFO 95344 --- [main] i.s.s.a.GlobalTransactionScanner         : Resource Manager is initialized. applicationId[user-service] txServiceGroup[hmall]
15:20:30:760  INFO 95344 --- [main] i.s.s.a.GlobalTransactionScanner         : Global Transaction Clients are initialized. 
15:20:30:761  INFO 95344 --- [main] trationDelegate$BeanPostProcessorChecker : Bean 'io.seata.spring.boot.autoconfigure.SeataDataSourceAutoConfiguration' of type [io.seata.spring.boot.autoconfigure.SeataDataSourceAutoConfiguration] is not eligible for getting processed by all BeanPostProcessors (for example: not eligible for auto-proxying)
15:20:30:868  INFO 95344 --- [main] trationDelegate$BeanPostProcessorChecker : Bean 'com.alibaba.cloud.seata.feign.SeataFeignClientAutoConfiguration$FeignBeanPostProcessorConfiguration' of type [com.alibaba.cloud.seata.feign.SeataFeignClientAutoConfiguration$FeignBeanPostProcessorConfiguration] is not eligible for getting processed by all BeanPostProcessors (for example: not eligible for auto-proxying)
15:20:30:869  INFO 95344 --- [main] trationDelegate$BeanPostProcessorChecker : Bean 'seataFeignObjectWrapper' of type [com.alibaba.cloud.seata.feign.SeataFeignObjectWrapper] is not eligible for getting processed by all BeanPostProcessors (for example: not eligible for auto-proxying)
15:20:31:029  INFO 95344 --- [main] o.s.b.w.embedded.tomcat.TomcatWebServer  : Tomcat initialized with port(s): 8084 (http)
15:20:31:034  INFO 95344 --- [main] o.apache.catalina.core.StandardService   : Starting service [Tomcat]
15:20:31:034  INFO 95344 --- [main] org.apache.catalina.core.StandardEngine  : Starting Servlet engine: [Apache Tomcat/9.0.75]
15:20:31:183  INFO 95344 --- [main] o.a.c.c.C.[Tomcat].[localhost].[/]       : Initializing Spring embedded WebApplicationContext
15:20:31:183  INFO 95344 --- [main] w.s.c.ServletWebServerApplicationContext : Root WebApplicationContext: initialization completed in 1511 ms
15:20:31:297  INFO 95344 --- [main] com.zaxxer.hikari.HikariDataSource       : HikariPool-1 - Starting...
15:20:31:319  INFO 95344 --- [nacos-grpc-client-executor-4] com.alibaba.nacos.common.remote.client   : [d61bd952-3d59-472b-ad4f-fa3a1560dbbf] Receive server push request, request = NotifySubscriberRequest, requestId = 9
15:20:31:322  INFO 95344 --- [nacos-grpc-client-executor-4] com.alibaba.nacos.common.remote.client   : [d61bd952-3d59-472b-ad4f-fa3a1560dbbf] Ack server push request, request = NotifySubscriberRequest, requestId = 9
15:20:31:451  INFO 95344 --- [main] com.zaxxer.hikari.HikariDataSource       : HikariPool-1 - Start completed.
15:20:31:494 ERROR 95344 --- [main] i.s.c.r.netty.NettyClientChannelManager  : no available service found in cluster 'default', please make sure registry config correct and keep your seata server running
15:20:33:978  INFO 95344 --- [main] c.a.c.sentinel.SentinelWebMvcConfigurer  : [Sentinel Starter] register SentinelWebInterceptor with urlPatterns: [/**].
15:20:36:206  INFO 95344 --- [main] o.s.cloud.commons.util.InetUtils         : Cannot determine local hostname
15:20:36:247  INFO 95344 --- [main] pertySourcedRequestMappingHandlerMapping : Mapped URL path [/v2/api-docs] onto method [springfox.documentation.swagger2.web.Swagger2ControllerWebMvc#getDocumentation(String, HttpServletRequest)]
15:20:39:115  INFO 95344 --- [main] o.s.cloud.commons.util.InetUtils         : Cannot determine local hostname
15:20:39:285  INFO 95344 --- [main] com.alibaba.nacos.common.remote.client   : [RpcClientFactory] create a new rpc client of af56acd9-d9c3-40e5-a7ac-bc8efb030ff6
15:20:39:285  INFO 95344 --- [main] com.alibaba.nacos.common.remote.client   : [af56acd9-d9c3-40e5-a7ac-bc8efb030ff6] RpcClient init label, labels = {module=naming, source=sdk}
15:20:39:285  INFO 95344 --- [main] com.alibaba.nacos.common.remote.client   : [af56acd9-d9c3-40e5-a7ac-bc8efb030ff6] RpcClient init, ServerListFactory = com.alibaba.nacos.client.naming.core.ServerListManager
15:20:39:285  INFO 95344 --- [main] com.alibaba.nacos.common.remote.client   : [af56acd9-d9c3-40e5-a7ac-bc8efb030ff6] Registry connection listener to current client:com.alibaba.nacos.client.naming.remote.gprc.redo.NamingGrpcRedoService
15:20:39:285  INFO 95344 --- [main] com.alibaba.nacos.common.remote.client   : [af56acd9-d9c3-40e5-a7ac-bc8efb030ff6] Register server push request handler:com.alibaba.nacos.client.naming.remote.gprc.NamingPushRequestHandler
15:20:39:285  INFO 95344 --- [main] com.alibaba.nacos.common.remote.client   : [af56acd9-d9c3-40e5-a7ac-bc8efb030ff6] Try to connect to server on start up, server: {serverIp = '127.0.0.1', server main port = 8848}
15:20:39:413  INFO 95344 --- [main] com.alibaba.nacos.common.remote.client   : [af56acd9-d9c3-40e5-a7ac-bc8efb030ff6] Success to connect to server [127.0.0.1:8848] on start up, connectionId = 1779780039294_127.0.0.1_9925
15:20:39:413  INFO 95344 --- [main] com.alibaba.nacos.common.remote.client   : [af56acd9-d9c3-40e5-a7ac-bc8efb030ff6] Register server push request handler:com.alibaba.nacos.common.remote.client.RpcClient$ConnectResetRequestHandler
15:20:39:413  INFO 95344 --- [com.alibaba.nacos.client.remote.worker] com.alibaba.nacos.common.remote.client   : [af56acd9-d9c3-40e5-a7ac-bc8efb030ff6] Notify connected event to listeners.
15:20:39:413  INFO 95344 --- [main] com.alibaba.nacos.common.remote.client   : [af56acd9-d9c3-40e5-a7ac-bc8efb030ff6] Register server push request handler:com.alibaba.nacos.common.remote.client.RpcClient$$Lambda$472/0x00000008403d7c40
15:20:39:429  INFO 95344 --- [main] o.s.b.w.embedded.tomcat.TomcatWebServer  : Tomcat started on port(s): 8084 (http) with context path ''
15:20:39:436  INFO 95344 --- [main] c.a.c.n.registry.NacosServiceRegistry    : nacos registry, DEFAULT_GROUP user-service 192.168.6.224:8084 register finished
15:20:39:998  INFO 95344 --- [nacos-grpc-client-executor-6] com.alibaba.nacos.common.remote.client   : [af56acd9-d9c3-40e5-a7ac-bc8efb030ff6] Receive server push request, request = NotifySubscriberRequest, requestId = 12
15:20:40:003  INFO 95344 --- [nacos-grpc-client-executor-6] com.alibaba.nacos.common.remote.client   : [af56acd9-d9c3-40e5-a7ac-bc8efb030ff6] Ack server push request, request = NotifySubscriberRequest, requestId = 12
15:20:41:592  INFO 95344 --- [main] o.s.cloud.commons.util.InetUtils         : Cannot determine local hostname
15:20:41:592  INFO 95344 --- [main] d.s.w.p.DocumentationPluginsBootstrapper : Documentation plugins bootstrapped
15:20:41:597  INFO 95344 --- [main] d.s.w.p.DocumentationPluginsBootstrapper : Found 1 custom documentation plugin(s)
15:20:41:610  INFO 95344 --- [main] s.d.s.w.s.ApiListingReferenceScanner     : Scanning for api listing references
15:20:41:671  INFO 95344 --- [main] com.hmall.user.UserApplication           : Started UserApplication in 18.437 seconds (JVM running for 19.473)
15:20:41:676  INFO 95344 --- [main] c.a.c.n.refresh.NacosContextRefresher    : [Nacos Config] Listening config: dataId=user-service.yaml, group=DEFAULT_GROUP
15:20:41:676  INFO 95344 --- [main] c.a.c.n.refresh.NacosContextRefresher    : [Nacos Config] Listening config: dataId=user-service-dev.yaml, group=DEFAULT_GROUP
15:20:41:676  INFO 95344 --- [main] c.a.c.n.refresh.NacosContextRefresher    : [Nacos Config] Listening config: dataId=user-service, group=DEFAULT_GROUP
15:21:30:520 ERROR 95344 --- [timeoutChecker_1_1] i.s.c.r.netty.NettyClientChannelManager  : no available service found in cluster 'default', please make sure registry config correct and keep your seata server running
15:21:30:770 ERROR 95344 --- [timeoutChecker_2_1] i.s.c.r.netty.NettyClientChannelManager  : no available service found in cluster 'default', please make sure registry config correct and keep your seata server running
15:21:38:545  INFO 95344 --- [http-nio-8084-exec-1] o.a.c.c.C.[Tomcat].[localhost].[/]       : Initializing Spring DispatcherServlet 'dispatcherServlet'
15:21:38:545  INFO 95344 --- [http-nio-8084-exec-1] o.s.web.servlet.DispatcherServlet        : Initializing Servlet 'dispatcherServlet'
15:21:38:546  INFO 95344 --- [http-nio-8084-exec-1] o.s.web.servlet.DispatcherServlet        : Completed initialization in 1 ms
15:21:38:761 DEBUG 95344 --- [http-nio-8084-exec-1] c.h.user.mapper.UserMapper.selectOne     : ==>  Preparing: SELECT id,username,password,phone,create_time,update_time,status,balance FROM user WHERE (username = ?)
15:21:38:782 DEBUG 95344 --- [http-nio-8084-exec-1] c.h.user.mapper.UserMapper.selectOne     : ==> Parameters: jack(String)
15:21:38:817 DEBUG 95344 --- [http-nio-8084-exec-1] c.h.user.mapper.UserMapper.selectOne     : <==      Total: 1
15:21:40:520 ERROR 95344 --- [timeoutChecker_1_1] i.s.c.r.netty.NettyClientChannelManager  : no available service found in cluster 'default', please make sure registry config correct and keep your seata server running
15:21:40:760 ERROR 95344 --- [timeoutChecker_2_1] i.s.c.r.netty.NettyClientChannelManager  : no available service found in cluster 'default', please make sure registry config correct and keep your seata server running
15:21:45:578 DEBUG 95344 --- [http-nio-8084-exec-2] c.h.u.mapper.AddressMapper.selectList    : ==>  Preparing: SELECT id,user_id,province,city,town,mobile,street,contact,is_default,notes FROM address WHERE (user_id = ?)
15:21:45:578 DEBUG 95344 --- [http-nio-8084-exec-2] c.h.u.mapper.AddressMapper.selectList    : ==> Parameters: 1(Long)
15:21:45:583 DEBUG 95344 --- [http-nio-8084-exec-2] c.h.u.mapper.AddressMapper.selectList    : <==      Total: 4
15:21:50:513 ERROR 95344 --- [timeoutChecker_1_1] i.s.c.r.netty.NettyClientChannelManager  : no available service found in cluster 'default', please make sure registry config correct and keep your seata server running
15:21:50:767 ERROR 95344 --- [timeoutChecker_2_1] i.s.c.r.netty.NettyClientChannelManager  : no available service found in cluster 'default', please make sure registry config correct and keep your seata server running
15:22:00:510 ERROR 95344 --- [timeoutChecker_1_1] i.s.c.r.netty.NettyClientChannelManager  : no available service found in cluster 'default', please make sure registry config correct and keep your seata server running
15:22:00:772 ERROR 95344 --- [timeoutChecker_2_1] i.s.c.r.netty.NettyClientChannelManager  : no available service found in cluster 'default', please make sure registry config correct and keep your seata server running
15:22:10:513 ERROR 95344 --- [timeoutChecker_1_1] i.s.c.r.netty.NettyClientChannelManager  : no available service found in cluster 'default', please make sure registry config correct and keep your seata server running
15:22:10:764 ERROR 95344 --- [timeoutChecker_2_1] i.s.c.r.netty.NettyClientChannelManager  : no available service found in cluster 'default', please make sure registry config correct and keep your seata server running
15:22:20:513 ERROR 95344 --- [timeoutChecker_1_1] i.s.c.r.netty.NettyClientChannelManager  : no available service found in cluster 'default', please make sure registry config correct and keep your seata server running
15:22:20:761 ERROR 95344 --- [timeoutChecker_2_1] i.s.c.r.netty.NettyClientChannelManager  : no available service found in cluster 'default', please make sure registry config correct and keep your seata server running
15:22:30:508 ERROR 95344 --- [timeoutChecker_1_1] i.s.c.r.netty.NettyClientChannelManager  : no available service found in cluster 'default', please make sure registry config correct and keep your seata server running
15:22:30:761 ERROR 95344 --- [timeoutChecker_2_1] i.s.c.r.netty.NettyClientChannelManager  : no available service found in cluster 'default', please make sure registry config correct and keep your seata server running
15:22:40:508 ERROR 95344 --- [timeoutChecker_1_1] i.s.c.r.netty.NettyClientChannelManager  : no available service found in cluster 'default', please make sure registry config correct and keep your seata server running
15:22:40:768 ERROR 95344 --- [timeoutChecker_2_1] i.s.c.r.netty.NettyClientChannelManager  : no available service found in cluster 'default', please make sure registry config correct and keep your seata server running
15:22:50:519 ERROR 95344 --- [timeoutChecker_1_1] i.s.c.r.netty.NettyClientChannelManager  : no available service found in cluster 'default', please make sure registry config correct and keep your seata server running
15:22:50:766 ERROR 95344 --- [timeoutChecker_2_1] i.s.c.r.netty.NettyClientChannelManager  : no available service found in cluster 'default', please make sure registry config correct and keep your seata server running
15:23:00:511 ERROR 95344 --- [timeoutChecker_1_1] i.s.c.r.netty.NettyClientChannelManager  : no available service found in cluster 'default', please make sure registry config correct and keep your seata server running
15:23:00:763 ERROR 95344 --- [timeoutChecker_2_1] i.s.c.r.netty.NettyClientChannelManager  : no available service found in cluster 'default', please make sure registry config correct and keep your seata server running
15:23:10:506 ERROR 95344 --- [timeoutChecker_1_1] i.s.c.r.netty.NettyClientChannelManager  : no available service found in cluster 'default', please make sure registry config correct and keep your seata server running
15:23:10:761 ERROR 95344 --- [timeoutChecker_2_1] i.s.c.r.netty.NettyClientChannelManager  : no available service found in cluster 'default', please make sure registry config correct and keep your seata server running
15:23:20:516 ERROR 95344 --- [timeoutChecker_1_1] i.s.c.r.netty.NettyClientChannelManager  : no available service found in cluster 'default', please make sure registry config correct and keep your seata server running
15:23:20:774 ERROR 95344 --- [timeoutChecker_2_1] i.s.c.r.netty.NettyClientChannelManager  : no available service found in cluster 'default', please make sure registry config correct and keep your seata server running
15:23:21:991  INFO 95344 --- [nacos-grpc-client-executor-43] com.alibaba.nacos.common.remote.client   : [d61bd952-3d59-472b-ad4f-fa3a1560dbbf] Receive server push request, request = NotifySubscriberRequest, requestId = 21
15:23:22:002  INFO 95344 --- [nacos-grpc-client-executor-43] com.alibaba.nacos.common.remote.client   : [d61bd952-3d59-472b-ad4f-fa3a1560dbbf] Ack server push request, request = NotifySubscriberRequest, requestId = 21
15:23:30:509 ERROR 95344 --- [timeoutChecker_1_1] i.s.c.r.netty.NettyClientChannelManager  : no available service found in cluster 'default', please make sure registry config correct and keep your seata server running
15:23:30:769 ERROR 95344 --- [timeoutChecker_2_1] i.s.c.r.netty.NettyClientChannelManager  : no available service found in cluster 'default', please make sure registry config correct and keep your seata server running
15:23:40:512  INFO 95344 --- [timeoutChecker_1_1] i.s.c.r.netty.NettyClientChannelManager  : will connect to 192.168.6.224:8099
15:23:40:760  INFO 95344 --- [timeoutChecker_2_1] i.s.c.r.netty.NettyClientChannelManager  : will connect to 192.168.6.224:8099
15:23:40:760  INFO 95344 --- [timeoutChecker_2_1] i.s.c.rpc.netty.RmNettyRemotingClient    : RM will register :jdbc:mysql://localhost:3306/hm-user
15:23:40:764  INFO 95344 --- [timeoutChecker_2_1] i.s.core.rpc.netty.NettyPoolableFactory  : NettyPool create channel to transactionRole:RMROLE,address:192.168.6.224:8099,msg:< RegisterRMRequest{resourceIds='jdbc:mysql://localhost:3306/hm-user', applicationId='user-service', transactionServiceGroup='hmall'} >
15:23:40:988  INFO 95344 --- [timeoutChecker_2_1] i.s.c.rpc.netty.RmNettyRemotingClient    : register RM success. client version:1.5.2, server version:2.2.0,channel:[id: 0x00e687ef, L:/192.168.6.224:3454 - R:/192.168.6.224:8099]
15:23:40:991  INFO 95344 --- [timeoutChecker_2_1] i.s.core.rpc.netty.NettyPoolableFactory  : register success, cost 71 ms, version:2.2.0,role:RMROLE,channel:[id: 0x00e687ef, L:/192.168.6.224:3454 - R:/192.168.6.224:8099]
15:23:41:279  INFO 95344 --- [timeoutChecker_1_1] i.s.core.rpc.netty.NettyPoolableFactory  : NettyPool create channel to transactionRole:TMROLE,address:192.168.6.224:8099,msg:< RegisterTMRequest{applicationId='user-service', transactionServiceGroup='hmall'} >
15:23:41:288  INFO 95344 --- [timeoutChecker_1_1] i.s.c.rpc.netty.TmNettyRemotingClient    : register TM success. client version:1.5.2, server version:2.2.0,channel:[id: 0xb72ecc09, L:/192.168.6.224:3455 - R:/192.168.6.224:8099]
15:23:41:288  INFO 95344 --- [timeoutChecker_1_1] i.s.core.rpc.netty.NettyPoolableFactory  : register success, cost 6 ms, version:2.2.0,role:TMROLE,channel:[id: 0xb72ecc09, L:/192.168.6.224:3455 - R:/192.168.6.224:8099]
15:23:42:686 DEBUG 95344 --- [http-nio-8084-exec-4] c.h.u.mapper.AddressMapper.selectList    : ==>  Preparing: SELECT id,user_id,province,city,town,mobile,street,contact,is_default,notes FROM address WHERE (user_id = ?)
15:23:42:687 DEBUG 95344 --- [http-nio-8084-exec-4] c.h.u.mapper.AddressMapper.selectList    : ==> Parameters: 1(Long)
15:23:42:691 DEBUG 95344 --- [http-nio-8084-exec-4] c.h.u.mapper.AddressMapper.selectList    : <==      Total: 4
15:24:55:414  INFO 95344 --- [http-nio-8084-exec-7] c.h.user.service.impl.UserServiceImpl    : 开始扣款
15:24:55:426 DEBUG 95344 --- [http-nio-8084-exec-7] c.h.user.mapper.UserMapper.selectById    : ==>  Preparing: SELECT id,username,password,phone,create_time,update_time,status,balance FROM user WHERE id=?
15:24:55:496 DEBUG 95344 --- [http-nio-8084-exec-7] c.h.user.mapper.UserMapper.selectById    : ==> Parameters: 1(Long)
15:24:55:501 DEBUG 95344 --- [http-nio-8084-exec-7] c.h.user.mapper.UserMapper.selectById    : <==      Total: 1
15:24:55:583 DEBUG 95344 --- [http-nio-8084-exec-7] c.h.user.mapper.UserMapper.updateMoney   : ==>  Preparing: update user set balance = balance - 13700 where id = ?
15:24:55:596 DEBUG 95344 --- [http-nio-8084-exec-7] c.h.user.mapper.UserMapper.updateMoney   : ==> Parameters: 1(Long)
15:24:55:756 DEBUG 95344 --- [http-nio-8084-exec-7] c.h.user.mapper.UserMapper.updateMoney   : <==    Updates: 1
15:24:55:756  INFO 95344 --- [http-nio-8084-exec-7] c.h.user.service.impl.UserServiceImpl    : 扣款成功
15:24:56:814  INFO 95344 --- [rpcDispatch_RMROLE_1_1_48] i.s.c.r.p.c.RmBranchCommitProcessor      : rm client handle branch commit process:xid=192.168.6.224:8099:198942132701216781,branchId=198942132701216783,branchType=AT,resourceId=jdbc:mysql://localhost:3306/hm-user,applicationData=null
15:24:56:816  INFO 95344 --- [rpcDispatch_RMROLE_1_1_48] io.seata.rm.AbstractRMHandler            : Branch committing: 192.168.6.224:8099:198942132701216781 198942132701216783 jdbc:mysql://localhost:3306/hm-user null
15:24:56:817  INFO 95344 --- [rpcDispatch_RMROLE_1_1_48] io.seata.rm.AbstractRMHandler            : Branch commit result: PhaseTwo_Committed
15:26:15:834  INFO 95344 --- [rpcDispatch_RMROLE_1_2_48] i.s.c.r.p.client.RmUndoLogProcessor      : rm handle undo log process:UndoLogDeleteRequest{resourceId='jdbc:mysql://localhost:3306/hm-user', saveDays=7, branchType=AT}
15:32:27:641  WARN 95344 --- [Thread-1] c.a.n.common.http.HttpClientBeanHolder   : [HttpClientBeanHolder] Start destroying common HttpClient
15:32:27:641  WARN 95344 --- [Thread-5] c.a.nacos.common.notify.NotifyCenter     : [NotifyCenter] Start destroying Publisher
15:32:27:643  WARN 95344 --- [Thread-5] c.a.nacos.common.notify.NotifyCenter     : [NotifyCenter] Destruction of the end
15:32:27:645  WARN 95344 --- [Thread-1] c.a.n.common.http.HttpClientBeanHolder   : [HttpClientBeanHolder] Destruction of the end
15:32:28:385  INFO 95344 --- [SpringContextShutdownHook] c.a.c.n.registry.NacosServiceRegistry    : De-registering from Nacos Server now...
15:32:28:388  INFO 95344 --- [SpringContextShutdownHook] c.a.c.n.registry.NacosServiceRegistry    : De-registration finished.
15:32:28:722  INFO 95344 --- [SpringContextShutdownHook] com.alibaba.nacos.common.remote.client   : Shutdown rpc client, set status to shutdown
15:32:28:723  INFO 95344 --- [SpringContextShutdownHook] com.alibaba.nacos.common.remote.client   : Shutdown client event executor java.util.concurrent.ScheduledThreadPoolExecutor@4438aab3[Running, pool size = 2, active threads = 2, queued tasks = 0, completed tasks = 0]
15:32:28:723  INFO 95344 --- [SpringContextShutdownHook] com.alibaba.nacos.common.remote.client   : Close current connection 1779780039294_127.0.0.1_9925
15:32:28:726  INFO 95344 --- [nacos-grpc-client-executor-152] c.a.n.c.remote.client.grpc.GrpcClient    : [1779780039294_127.0.0.1_9925]Ignore complete event,isRunning:false,isAbandon=false
15:32:28:734  INFO 95344 --- [SpringContextShutdownHook] c.a.n.c.remote.client.grpc.GrpcClient    : Shutdown grpc executor java.util.concurrent.ThreadPoolExecutor@796c103a[Running, pool size = 5, active threads = 0, queued tasks = 0, completed tasks = 153]
15:32:28:745  INFO 95344 --- [SpringContextShutdownHook] com.zaxxer.hikari.HikariDataSource       : HikariPool-1 - Shutdown initiated...
15:32:28:764  INFO 95344 --- [SpringContextShutdownHook] com.zaxxer.hikari.HikariDataSource       : HikariPool-1 - Shutdown completed.
15:32:28:766  INFO 95344 --- [NettyClientSelector_TMROLE_1_1] i.s.c.r.n.AbstractNettyRemotingClient    : channel inactive: [id: 0xb72ecc09, L:/192.168.6.224:3455 ! R:/192.168.6.224:8099]
15:32:28:767  INFO 95344 --- [NettyClientSelector_TMROLE_1_1] i.s.c.r.netty.NettyClientChannelManager  : return to pool, rm channel:[id: 0xb72ecc09, L:/192.168.6.224:3455 ! R:/192.168.6.224:8099]
15:32:28:767  INFO 95344 --- [NettyClientSelector_TMROLE_1_1] i.s.core.rpc.netty.NettyPoolableFactory  : channel valid false,channel:[id: 0xb72ecc09, L:/192.168.6.224:3455 ! R:/192.168.6.224:8099]
15:32:28:767  INFO 95344 --- [NettyClientSelector_TMROLE_1_1] i.s.core.rpc.netty.NettyPoolableFactory  : will destroy channel:[id: 0xb72ecc09, L:/192.168.6.224:3455 ! R:/192.168.6.224:8099]
15:32:28:767  INFO 95344 --- [NettyClientSelector_TMROLE_1_1] i.s.c.r.n.AbstractNettyRemotingClient    : ChannelHandlerContext(AbstractNettyRemotingClient$ClientHandler#0, [id: 0xb72ecc09, L:/192.168.6.224:3455 ! R:/192.168.6.224:8099]) will closed
15:32:28:767  INFO 95344 --- [NettyClientSelector_TMROLE_1_1] i.s.c.r.n.AbstractNettyRemotingClient    : ChannelHandlerContext(AbstractNettyRemotingClient$ClientHandler#0, [id: 0xb72ecc09, L:/192.168.6.224:3455 ! R:/192.168.6.224:8099]) will closed
15:32:28:768  INFO 95344 --- [NettyClientSelector_RMROLE_1_1] i.s.c.r.n.AbstractNettyRemotingClient    : channel inactive: [id: 0x00e687ef, L:/192.168.6.224:3454 ! R:/192.168.6.224:8099]
15:32:28:768  INFO 95344 --- [NettyClientSelector_RMROLE_1_1] i.s.c.r.netty.NettyClientChannelManager  : return to pool, rm channel:[id: 0x00e687ef, L:/192.168.6.224:3454 ! R:/192.168.6.224:8099]
15:32:28:768  INFO 95344 --- [NettyClientSelector_RMROLE_1_1] i.s.core.rpc.netty.NettyPoolableFactory  : channel valid false,channel:[id: 0x00e687ef, L:/192.168.6.224:3454 ! R:/192.168.6.224:8099]
15:32:28:768  INFO 95344 --- [NettyClientSelector_RMROLE_1_1] i.s.core.rpc.netty.NettyPoolableFactory  : will destroy channel:[id: 0x00e687ef, L:/192.168.6.224:3454 ! R:/192.168.6.224:8099]
15:32:28:768  INFO 95344 --- [NettyClientSelector_RMROLE_1_1] i.s.c.r.n.AbstractNettyRemotingClient    : ChannelHandlerContext(AbstractNettyRemotingClient$ClientHandler#0, [id: 0x00e687ef, L:/192.168.6.224:3454 ! R:/192.168.6.224:8099]) will closed
15:32:28:768  INFO 95344 --- [NettyClientSelector_RMROLE_1_1] i.s.c.r.n.AbstractNettyRemotingClient    : ChannelHandlerContext(AbstractNettyRemotingClient$ClientHandler#0, [id: 0x00e687ef, L:/192.168.6.224:3454 ! R:/192.168.6.224:8099]) will closed
